Simulator report for VHDL
Tue Apr 30 22:00:44 2024
Quartus II Version 9.1 Build 350 03/24/2010 Service Pack 2 SJ Web Edition


---------------------
; Table of Contents ;
---------------------
  1. Legal Notice
  2. Simulator Summary
  3. Simulator Settings
  4. Simulation Waveforms
  5. Coverage Summary
  6. Complete 1/0-Value Coverage
  7. Missing 1-Value Coverage
  8. Missing 0-Value Coverage
  9. Simulator INI Usage
 10. Simulator Messages



----------------
; Legal Notice ;
----------------
Copyright (C) 1991-2010 Altera Corporation
Your use of Altera Corporation's design tools, logic functions 
and other software and tools, and its AMPP partner logic 
functions, and any output files from any of the foregoing 
(including device programming or simulation files), and any 
associated documentation or information are expressly subject 
to the terms and conditions of the Altera Program License 
Subscription Agreement, Altera MegaCore Function License 
Agreement, or other applicable license agreement, including, 
without limitation, that your use is for the sole purpose of 
programming logic devices manufactured by Altera and sold by 
Altera or its authorized distributors.  Please refer to the 
applicable agreement for further details.



+--------------------------------------------+
; Simulator Summary                          ;
+-----------------------------+--------------+
; Type                        ; Value        ;
+-----------------------------+--------------+
; Simulation Start Time       ; 0 ps         ;
; Simulation End Time         ; 1.0 ms       ;
; Simulation Netlist Size     ; 406 nodes    ;
; Simulation Coverage         ;       8.84 % ;
; Total Number of Transitions ; 293          ;
; Simulation Breakpoints      ; 0            ;
; Family                      ; Cyclone II   ;
; Device                      ; EP2C70F896C6 ;
+-----------------------------+--------------+


+-------------------------------------------------------------------------------------------------------------------------------------------------------------+
; Simulator Settings                                                                                                                                          ;
+--------------------------------------------------------------------------------------------+------------------------------------------------+---------------+
; Option                                                                                     ; Setting                                        ; Default Value ;
+--------------------------------------------------------------------------------------------+------------------------------------------------+---------------+
; Simulation mode                                                                            ; Timing                                         ; Timing        ;
; Start time                                                                                 ; 0 ns                                           ; 0 ns          ;
; Simulation results format                                                                  ; CVWF                                           ;               ;
; Vector input source                                                                        ; Waveforms/AXI4AutoIncrementCounterModuleB4.vwf ;               ;
; Add pins automatically to simulation output waveforms                                      ; On                                             ; On            ;
; Check outputs                                                                              ; Off                                            ; Off           ;
; Report simulation coverage                                                                 ; On                                             ; On            ;
; Display complete 1/0 value coverage report                                                 ; On                                             ; On            ;
; Display missing 1-value coverage report                                                    ; On                                             ; On            ;
; Display missing 0-value coverage report                                                    ; On                                             ; On            ;
; Detect setup and hold time violations                                                      ; Off                                            ; Off           ;
; Detect glitches                                                                            ; Off                                            ; Off           ;
; Disable timing delays in Timing Simulation                                                 ; Off                                            ; Off           ;
; Generate Signal Activity File                                                              ; Off                                            ; Off           ;
; Generate VCD File for PowerPlay Power Analyzer                                             ; Off                                            ; Off           ;
; Group bus channels in simulation results                                                   ; Off                                            ; Off           ;
; Preserve fewer signal transitions to reduce memory requirements                            ; On                                             ; On            ;
; Trigger vector comparison with the specified mode                                          ; INPUT_EDGE                                     ; INPUT_EDGE    ;
; Disable setup and hold time violations detection in input registers of bi-directional pins ; Off                                            ; Off           ;
; Overwrite Waveform Inputs With Simulation Outputs                                          ; On                                             ;               ;
; Perform Glitch Filtering in Timing Simulation                                              ; Auto                                           ; Auto          ;
+--------------------------------------------------------------------------------------------+------------------------------------------------+---------------+


+----------------------+
; Simulation Waveforms ;
+----------------------+
Waveform report data cannot be output to ASCII.
Please use Quartus II to view the waveform report data.


+--------------------------------------------------------------------+
; Coverage Summary                                                   ;
+-----------------------------------------------------+--------------+
; Type                                                ; Value        ;
+-----------------------------------------------------+--------------+
; Total coverage as a percentage                      ;       8.84 % ;
; Total nodes checked                                 ; 406          ;
; Total output ports checked                          ; 249          ;
; Total output ports with complete 1/0-value coverage ; 22           ;
; Total output ports with no 1/0-value coverage       ; 223          ;
; Total output ports with no 1-value coverage         ; 224          ;
; Total output ports with no 0-value coverage         ; 226          ;
+-----------------------------------------------------+--------------+


The following table displays output ports that toggle between 1 and 0 during simulation.
+----------------------------------------------------------------------------------------------------------------------------------------------------------------------------------------------------------------------------------------------------------------------------------------------------------------------------------------------------------+
; Complete 1/0-Value Coverage                                                                                                                                                                                                                                                                                                                              ;
+-------------------------------------------------------------------------------------------------------------------------------------------------------------------+-------------------------------------------------------------------------------------------------------------------------------------------------------------------+------------------+
; Node Name                                                                                                                                                         ; Output Port Name                                                                                                                                                  ; Output Port Type ;
+-------------------------------------------------------------------------------------------------------------------------------------------------------------------+-------------------------------------------------------------------------------------------------------------------------------------------------------------------+------------------+
; |AXI4AutoIncrementCounterModuleB4_TopLevel|State_counter[0]                                                                                                       ; |AXI4AutoIncrementCounterModuleB4_TopLevel|State_counter[0]                                                                                                       ; regout           ;
; |AXI4AutoIncrementCounterModuleB4_TopLevel|State_counter[0]~32                                                                                                    ; |AXI4AutoIncrementCounterModuleB4_TopLevel|State_counter[0]~32                                                                                                    ; combout          ;
; |AXI4AutoIncrementCounterModuleB4_TopLevel|State_counter[0]~32                                                                                                    ; |AXI4AutoIncrementCounterModuleB4_TopLevel|State_counter[0]~33                                                                                                    ; cout             ;
; |AXI4AutoIncrementCounterModuleB4_TopLevel|State_counter[1]~34                                                                                                    ; |AXI4AutoIncrementCounterModuleB4_TopLevel|State_counter[1]~34                                                                                                    ; combout          ;
; |AXI4AutoIncrementCounterModuleB4_TopLevel|State_Written                                                                                                          ; |AXI4AutoIncrementCounterModuleB4_TopLevel|State_Written                                                                                                          ; regout           ;
; |AXI4AutoIncrementCounterModuleB4_TopLevel|AXI4AutoIncrementCounterModuleB4_TopLevel_axiSlave:AXI4AutoIncrementCounterModuleB4_TopLevel_axiSlave|State_readFSM[0] ; |AXI4AutoIncrementCounterModuleB4_TopLevel|AXI4AutoIncrementCounterModuleB4_TopLevel_axiSlave:AXI4AutoIncrementCounterModuleB4_TopLevel_axiSlave|State_readFSM[0] ; regout           ;
; |AXI4AutoIncrementCounterModuleB4_TopLevel|AXI4AutoIncrementCounterModuleB4_TopLevel_axiSlave:AXI4AutoIncrementCounterModuleB4_TopLevel_axiSlave|State_readFSM[1] ; |AXI4AutoIncrementCounterModuleB4_TopLevel|AXI4AutoIncrementCounterModuleB4_TopLevel_axiSlave:AXI4AutoIncrementCounterModuleB4_TopLevel_axiSlave|State_readFSM[1] ; regout           ;
; |AXI4AutoIncrementCounterModuleB4_TopLevel|AXI4AutoIncrementCounterModuleB4_TopLevel_axiSlave:AXI4AutoIncrementCounterModuleB4_TopLevel_axiSlave|Equal6~0         ; |AXI4AutoIncrementCounterModuleB4_TopLevel|AXI4AutoIncrementCounterModuleB4_TopLevel_axiSlave:AXI4AutoIncrementCounterModuleB4_TopLevel_axiSlave|Equal6~0         ; combout          ;
; |AXI4AutoIncrementCounterModuleB4_TopLevel|AXI4AutoIncrementCounterModuleB4_TopLevel_axiSlave:AXI4AutoIncrementCounterModuleB4_TopLevel_axiSlave|Equal6~1         ; |AXI4AutoIncrementCounterModuleB4_TopLevel|AXI4AutoIncrementCounterModuleB4_TopLevel_axiSlave:AXI4AutoIncrementCounterModuleB4_TopLevel_axiSlave|Equal6~1         ; combout          ;
; |AXI4AutoIncrementCounterModuleB4_TopLevel|AXI4AutoIncrementCounterModuleB4_TopLevel_axiSlave:AXI4AutoIncrementCounterModuleB4_TopLevel_axiSlave|State_readFSM~0  ; |AXI4AutoIncrementCounterModuleB4_TopLevel|AXI4AutoIncrementCounterModuleB4_TopLevel_axiSlave:AXI4AutoIncrementCounterModuleB4_TopLevel_axiSlave|State_readFSM~0  ; combout          ;
; |AXI4AutoIncrementCounterModuleB4_TopLevel|State_Written~0                                                                                                        ; |AXI4AutoIncrementCounterModuleB4_TopLevel|State_Written~0                                                                                                        ; combout          ;
; |AXI4AutoIncrementCounterModuleB4_TopLevel|AXI4AutoIncrementCounterModuleB4_TopLevel_axiSlave:AXI4AutoIncrementCounterModuleB4_TopLevel_axiSlave|State_readFSM~1  ; |AXI4AutoIncrementCounterModuleB4_TopLevel|AXI4AutoIncrementCounterModuleB4_TopLevel_axiSlave:AXI4AutoIncrementCounterModuleB4_TopLevel_axiSlave|State_readFSM~1  ; combout          ;
; |AXI4AutoIncrementCounterModuleB4_TopLevel|AXI4AutoIncrementCounterModuleB4_TopLevel_axiSlave:AXI4AutoIncrementCounterModuleB4_TopLevel_axiSlave|State_readFSM~2  ; |AXI4AutoIncrementCounterModuleB4_TopLevel|AXI4AutoIncrementCounterModuleB4_TopLevel_axiSlave:AXI4AutoIncrementCounterModuleB4_TopLevel_axiSlave|State_readFSM~2  ; combout          ;
; |AXI4AutoIncrementCounterModuleB4_TopLevel|AXI4AutoIncrementCounterModuleB4_TopLevel_axiSlave:AXI4AutoIncrementCounterModuleB4_TopLevel_axiSlave|State_readFSM~3  ; |AXI4AutoIncrementCounterModuleB4_TopLevel|AXI4AutoIncrementCounterModuleB4_TopLevel_axiSlave:AXI4AutoIncrementCounterModuleB4_TopLevel_axiSlave|State_readFSM~3  ; combout          ;
; |AXI4AutoIncrementCounterModuleB4_TopLevel|oCounter[0]                                                                                                            ; |AXI4AutoIncrementCounterModuleB4_TopLevel|oCounter[0]                                                                                                            ; padio            ;
; |AXI4AutoIncrementCounterModuleB4_TopLevel|outWritten                                                                                                             ; |AXI4AutoIncrementCounterModuleB4_TopLevel|outWritten                                                                                                             ; padio            ;
; |AXI4AutoIncrementCounterModuleB4_TopLevel|S2M_R_AR_ARREADY                                                                                                       ; |AXI4AutoIncrementCounterModuleB4_TopLevel|S2M_R_AR_ARREADY                                                                                                       ; padio            ;
; |AXI4AutoIncrementCounterModuleB4_TopLevel|S2M_R_R_RDATA0[0]                                                                                                      ; |AXI4AutoIncrementCounterModuleB4_TopLevel|S2M_R_R_RDATA0[0]                                                                                                      ; padio            ;
; |AXI4AutoIncrementCounterModuleB4_TopLevel|S2M_R_R_RVALID                                                                                                         ; |AXI4AutoIncrementCounterModuleB4_TopLevel|S2M_R_R_RVALID                                                                                                         ; padio            ;
; |AXI4AutoIncrementCounterModuleB4_TopLevel|Clock                                                                                                                  ; |AXI4AutoIncrementCounterModuleB4_TopLevel|Clock~corein                                                                                                           ; combout          ;
; |AXI4AutoIncrementCounterModuleB4_TopLevel|M2S_R_AR_ARVALID                                                                                                       ; |AXI4AutoIncrementCounterModuleB4_TopLevel|M2S_R_AR_ARVALID~corein                                                                                                ; combout          ;
; |AXI4AutoIncrementCounterModuleB4_TopLevel|Clock~clkctrl                                                                                                          ; |AXI4AutoIncrementCounterModuleB4_TopLevel|Clock~clkctrl                                                                                                          ; outclk           ;
+-------------------------------------------------------------------------------------------------------------------------------------------------------------------+-------------------------------------------------------------------------------------------------------------------------------------------------------------------+------------------+


The following table displays output ports that do not toggle to 1 during simulation.
+-----------------------------------------------------------------------------------------------------------------------------------------------------------+
; Missing 1-Value Coverage                                                                                                                                  ;
+-----------------------------------------------------------------+----------------------------------------------------------------------+------------------+
; Node Name                                                       ; Output Port Name                                                     ; Output Port Type ;
+-----------------------------------------------------------------+----------------------------------------------------------------------+------------------+
; |AXI4AutoIncrementCounterModuleB4_TopLevel|State_counter[2]     ; |AXI4AutoIncrementCounterModuleB4_TopLevel|State_counter[2]          ; regout           ;
; |AXI4AutoIncrementCounterModuleB4_TopLevel|State_counter[3]     ; |AXI4AutoIncrementCounterModuleB4_TopLevel|State_counter[3]          ; regout           ;
; |AXI4AutoIncrementCounterModuleB4_TopLevel|State_counter[4]     ; |AXI4AutoIncrementCounterModuleB4_TopLevel|State_counter[4]          ; regout           ;
; |AXI4AutoIncrementCounterModuleB4_TopLevel|State_counter[5]     ; |AXI4AutoIncrementCounterModuleB4_TopLevel|State_counter[5]          ; regout           ;
; |AXI4AutoIncrementCounterModuleB4_TopLevel|State_counter[6]     ; |AXI4AutoIncrementCounterModuleB4_TopLevel|State_counter[6]          ; regout           ;
; |AXI4AutoIncrementCounterModuleB4_TopLevel|State_counter[7]     ; |AXI4AutoIncrementCounterModuleB4_TopLevel|State_counter[7]          ; regout           ;
; |AXI4AutoIncrementCounterModuleB4_TopLevel|State_counter[8]     ; |AXI4AutoIncrementCounterModuleB4_TopLevel|State_counter[8]          ; regout           ;
; |AXI4AutoIncrementCounterModuleB4_TopLevel|State_counter[9]     ; |AXI4AutoIncrementCounterModuleB4_TopLevel|State_counter[9]          ; regout           ;
; |AXI4AutoIncrementCounterModuleB4_TopLevel|State_counter[10]    ; |AXI4AutoIncrementCounterModuleB4_TopLevel|State_counter[10]         ; regout           ;
; |AXI4AutoIncrementCounterModuleB4_TopLevel|State_counter[11]    ; |AXI4AutoIncrementCounterModuleB4_TopLevel|State_counter[11]         ; regout           ;
; |AXI4AutoIncrementCounterModuleB4_TopLevel|State_counter[12]    ; |AXI4AutoIncrementCounterModuleB4_TopLevel|State_counter[12]         ; regout           ;
; |AXI4AutoIncrementCounterModuleB4_TopLevel|State_counter[13]    ; |AXI4AutoIncrementCounterModuleB4_TopLevel|State_counter[13]         ; regout           ;
; |AXI4AutoIncrementCounterModuleB4_TopLevel|State_counter[14]    ; |AXI4AutoIncrementCounterModuleB4_TopLevel|State_counter[14]         ; regout           ;
; |AXI4AutoIncrementCounterModuleB4_TopLevel|State_counter[15]    ; |AXI4AutoIncrementCounterModuleB4_TopLevel|State_counter[15]         ; regout           ;
; |AXI4AutoIncrementCounterModuleB4_TopLevel|State_counter[16]    ; |AXI4AutoIncrementCounterModuleB4_TopLevel|State_counter[16]         ; regout           ;
; |AXI4AutoIncrementCounterModuleB4_TopLevel|State_counter[17]    ; |AXI4AutoIncrementCounterModuleB4_TopLevel|State_counter[17]         ; regout           ;
; |AXI4AutoIncrementCounterModuleB4_TopLevel|State_counter[18]    ; |AXI4AutoIncrementCounterModuleB4_TopLevel|State_counter[18]         ; regout           ;
; |AXI4AutoIncrementCounterModuleB4_TopLevel|State_counter[19]    ; |AXI4AutoIncrementCounterModuleB4_TopLevel|State_counter[19]         ; regout           ;
; |AXI4AutoIncrementCounterModuleB4_TopLevel|State_counter[20]    ; |AXI4AutoIncrementCounterModuleB4_TopLevel|State_counter[20]         ; regout           ;
; |AXI4AutoIncrementCounterModuleB4_TopLevel|State_counter[21]    ; |AXI4AutoIncrementCounterModuleB4_TopLevel|State_counter[21]         ; regout           ;
; |AXI4AutoIncrementCounterModuleB4_TopLevel|State_counter[22]    ; |AXI4AutoIncrementCounterModuleB4_TopLevel|State_counter[22]         ; regout           ;
; |AXI4AutoIncrementCounterModuleB4_TopLevel|State_counter[23]    ; |AXI4AutoIncrementCounterModuleB4_TopLevel|State_counter[23]         ; regout           ;
; |AXI4AutoIncrementCounterModuleB4_TopLevel|State_counter[24]    ; |AXI4AutoIncrementCounterModuleB4_TopLevel|State_counter[24]         ; regout           ;
; |AXI4AutoIncrementCounterModuleB4_TopLevel|State_counter[25]    ; |AXI4AutoIncrementCounterModuleB4_TopLevel|State_counter[25]         ; regout           ;
; |AXI4AutoIncrementCounterModuleB4_TopLevel|State_counter[26]    ; |AXI4AutoIncrementCounterModuleB4_TopLevel|State_counter[26]         ; regout           ;
; |AXI4AutoIncrementCounterModuleB4_TopLevel|State_counter[27]    ; |AXI4AutoIncrementCounterModuleB4_TopLevel|State_counter[27]         ; regout           ;
; |AXI4AutoIncrementCounterModuleB4_TopLevel|State_counter[28]    ; |AXI4AutoIncrementCounterModuleB4_TopLevel|State_counter[28]         ; regout           ;
; |AXI4AutoIncrementCounterModuleB4_TopLevel|State_counter[29]    ; |AXI4AutoIncrementCounterModuleB4_TopLevel|State_counter[29]         ; regout           ;
; |AXI4AutoIncrementCounterModuleB4_TopLevel|State_counter[30]    ; |AXI4AutoIncrementCounterModuleB4_TopLevel|State_counter[30]         ; regout           ;
; |AXI4AutoIncrementCounterModuleB4_TopLevel|State_counter[31]    ; |AXI4AutoIncrementCounterModuleB4_TopLevel|State_counter[31]         ; regout           ;
; |AXI4AutoIncrementCounterModuleB4_TopLevel|State_counter[1]~34  ; |AXI4AutoIncrementCounterModuleB4_TopLevel|State_counter[1]~35       ; cout             ;
; |AXI4AutoIncrementCounterModuleB4_TopLevel|State_counter[2]~36  ; |AXI4AutoIncrementCounterModuleB4_TopLevel|State_counter[2]~36       ; combout          ;
; |AXI4AutoIncrementCounterModuleB4_TopLevel|State_counter[2]~36  ; |AXI4AutoIncrementCounterModuleB4_TopLevel|State_counter[2]~37       ; cout             ;
; |AXI4AutoIncrementCounterModuleB4_TopLevel|State_counter[3]~38  ; |AXI4AutoIncrementCounterModuleB4_TopLevel|State_counter[3]~38       ; combout          ;
; |AXI4AutoIncrementCounterModuleB4_TopLevel|State_counter[3]~38  ; |AXI4AutoIncrementCounterModuleB4_TopLevel|State_counter[3]~39       ; cout             ;
; |AXI4AutoIncrementCounterModuleB4_TopLevel|State_counter[4]~40  ; |AXI4AutoIncrementCounterModuleB4_TopLevel|State_counter[4]~40       ; combout          ;
; |AXI4AutoIncrementCounterModuleB4_TopLevel|State_counter[4]~40  ; |AXI4AutoIncrementCounterModuleB4_TopLevel|State_counter[4]~41       ; cout             ;
; |AXI4AutoIncrementCounterModuleB4_TopLevel|State_counter[5]~42  ; |AXI4AutoIncrementCounterModuleB4_TopLevel|State_counter[5]~42       ; combout          ;
; |AXI4AutoIncrementCounterModuleB4_TopLevel|State_counter[5]~42  ; |AXI4AutoIncrementCounterModuleB4_TopLevel|State_counter[5]~43       ; cout             ;
; |AXI4AutoIncrementCounterModuleB4_TopLevel|State_counter[6]~44  ; |AXI4AutoIncrementCounterModuleB4_TopLevel|State_counter[6]~44       ; combout          ;
; |AXI4AutoIncrementCounterModuleB4_TopLevel|State_counter[6]~44  ; |AXI4AutoIncrementCounterModuleB4_TopLevel|State_counter[6]~45       ; cout             ;
; |AXI4AutoIncrementCounterModuleB4_TopLevel|State_counter[7]~46  ; |AXI4AutoIncrementCounterModuleB4_TopLevel|State_counter[7]~46       ; combout          ;
; |AXI4AutoIncrementCounterModuleB4_TopLevel|State_counter[7]~46  ; |AXI4AutoIncrementCounterModuleB4_TopLevel|State_counter[7]~47       ; cout             ;
; |AXI4AutoIncrementCounterModuleB4_TopLevel|State_counter[8]~48  ; |AXI4AutoIncrementCounterModuleB4_TopLevel|State_counter[8]~48       ; combout          ;
; |AXI4AutoIncrementCounterModuleB4_TopLevel|State_counter[8]~48  ; |AXI4AutoIncrementCounterModuleB4_TopLevel|State_counter[8]~49       ; cout             ;
; |AXI4AutoIncrementCounterModuleB4_TopLevel|State_counter[9]~50  ; |AXI4AutoIncrementCounterModuleB4_TopLevel|State_counter[9]~50       ; combout          ;
; |AXI4AutoIncrementCounterModuleB4_TopLevel|State_counter[9]~50  ; |AXI4AutoIncrementCounterModuleB4_TopLevel|State_counter[9]~51       ; cout             ;
; |AXI4AutoIncrementCounterModuleB4_TopLevel|State_counter[10]~52 ; |AXI4AutoIncrementCounterModuleB4_TopLevel|State_counter[10]~52      ; combout          ;
; |AXI4AutoIncrementCounterModuleB4_TopLevel|State_counter[10]~52 ; |AXI4AutoIncrementCounterModuleB4_TopLevel|State_counter[10]~53      ; cout             ;
; |AXI4AutoIncrementCounterModuleB4_TopLevel|State_counter[11]~54 ; |AXI4AutoIncrementCounterModuleB4_TopLevel|State_counter[11]~54      ; combout          ;
; |AXI4AutoIncrementCounterModuleB4_TopLevel|State_counter[11]~54 ; |AXI4AutoIncrementCounterModuleB4_TopLevel|State_counter[11]~55      ; cout             ;
; |AXI4AutoIncrementCounterModuleB4_TopLevel|State_counter[12]~56 ; |AXI4AutoIncrementCounterModuleB4_TopLevel|State_counter[12]~56      ; combout          ;
; |AXI4AutoIncrementCounterModuleB4_TopLevel|State_counter[12]~56 ; |AXI4AutoIncrementCounterModuleB4_TopLevel|State_counter[12]~57      ; cout             ;
; |AXI4AutoIncrementCounterModuleB4_TopLevel|State_counter[13]~58 ; |AXI4AutoIncrementCounterModuleB4_TopLevel|State_counter[13]~58      ; combout          ;
; |AXI4AutoIncrementCounterModuleB4_TopLevel|State_counter[13]~58 ; |AXI4AutoIncrementCounterModuleB4_TopLevel|State_counter[13]~59      ; cout             ;
; |AXI4AutoIncrementCounterModuleB4_TopLevel|State_counter[14]~60 ; |AXI4AutoIncrementCounterModuleB4_TopLevel|State_counter[14]~60      ; combout          ;
; |AXI4AutoIncrementCounterModuleB4_TopLevel|State_counter[14]~60 ; |AXI4AutoIncrementCounterModuleB4_TopLevel|State_counter[14]~61      ; cout             ;
; |AXI4AutoIncrementCounterModuleB4_TopLevel|State_counter[15]~62 ; |AXI4AutoIncrementCounterModuleB4_TopLevel|State_counter[15]~62      ; combout          ;
; |AXI4AutoIncrementCounterModuleB4_TopLevel|State_counter[15]~62 ; |AXI4AutoIncrementCounterModuleB4_TopLevel|State_counter[15]~63      ; cout             ;
; |AXI4AutoIncrementCounterModuleB4_TopLevel|State_counter[16]~64 ; |AXI4AutoIncrementCounterModuleB4_TopLevel|State_counter[16]~64      ; combout          ;
; |AXI4AutoIncrementCounterModuleB4_TopLevel|State_counter[16]~64 ; |AXI4AutoIncrementCounterModuleB4_TopLevel|State_counter[16]~65      ; cout             ;
; |AXI4AutoIncrementCounterModuleB4_TopLevel|State_counter[17]~66 ; |AXI4AutoIncrementCounterModuleB4_TopLevel|State_counter[17]~66      ; combout          ;
; |AXI4AutoIncrementCounterModuleB4_TopLevel|State_counter[17]~66 ; |AXI4AutoIncrementCounterModuleB4_TopLevel|State_counter[17]~67      ; cout             ;
; |AXI4AutoIncrementCounterModuleB4_TopLevel|State_counter[18]~68 ; |AXI4AutoIncrementCounterModuleB4_TopLevel|State_counter[18]~68      ; combout          ;
; |AXI4AutoIncrementCounterModuleB4_TopLevel|State_counter[18]~68 ; |AXI4AutoIncrementCounterModuleB4_TopLevel|State_counter[18]~69      ; cout             ;
; |AXI4AutoIncrementCounterModuleB4_TopLevel|State_counter[19]~70 ; |AXI4AutoIncrementCounterModuleB4_TopLevel|State_counter[19]~70      ; combout          ;
; |AXI4AutoIncrementCounterModuleB4_TopLevel|State_counter[19]~70 ; |AXI4AutoIncrementCounterModuleB4_TopLevel|State_counter[19]~71      ; cout             ;
; |AXI4AutoIncrementCounterModuleB4_TopLevel|State_counter[20]~72 ; |AXI4AutoIncrementCounterModuleB4_TopLevel|State_counter[20]~72      ; combout          ;
; |AXI4AutoIncrementCounterModuleB4_TopLevel|State_counter[20]~72 ; |AXI4AutoIncrementCounterModuleB4_TopLevel|State_counter[20]~73      ; cout             ;
; |AXI4AutoIncrementCounterModuleB4_TopLevel|State_counter[21]~74 ; |AXI4AutoIncrementCounterModuleB4_TopLevel|State_counter[21]~74      ; combout          ;
; |AXI4AutoIncrementCounterModuleB4_TopLevel|State_counter[21]~74 ; |AXI4AutoIncrementCounterModuleB4_TopLevel|State_counter[21]~75      ; cout             ;
; |AXI4AutoIncrementCounterModuleB4_TopLevel|State_counter[22]~76 ; |AXI4AutoIncrementCounterModuleB4_TopLevel|State_counter[22]~76      ; combout          ;
; |AXI4AutoIncrementCounterModuleB4_TopLevel|State_counter[22]~76 ; |AXI4AutoIncrementCounterModuleB4_TopLevel|State_counter[22]~77      ; cout             ;
; |AXI4AutoIncrementCounterModuleB4_TopLevel|State_counter[23]~78 ; |AXI4AutoIncrementCounterModuleB4_TopLevel|State_counter[23]~78      ; combout          ;
; |AXI4AutoIncrementCounterModuleB4_TopLevel|State_counter[23]~78 ; |AXI4AutoIncrementCounterModuleB4_TopLevel|State_counter[23]~79      ; cout             ;
; |AXI4AutoIncrementCounterModuleB4_TopLevel|State_counter[24]~80 ; |AXI4AutoIncrementCounterModuleB4_TopLevel|State_counter[24]~80      ; combout          ;
; |AXI4AutoIncrementCounterModuleB4_TopLevel|State_counter[24]~80 ; |AXI4AutoIncrementCounterModuleB4_TopLevel|State_counter[24]~81      ; cout             ;
; |AXI4AutoIncrementCounterModuleB4_TopLevel|State_counter[25]~82 ; |AXI4AutoIncrementCounterModuleB4_TopLevel|State_counter[25]~82      ; combout          ;
; |AXI4AutoIncrementCounterModuleB4_TopLevel|State_counter[25]~82 ; |AXI4AutoIncrementCounterModuleB4_TopLevel|State_counter[25]~83      ; cout             ;
; |AXI4AutoIncrementCounterModuleB4_TopLevel|State_counter[26]~84 ; |AXI4AutoIncrementCounterModuleB4_TopLevel|State_counter[26]~84      ; combout          ;
; |AXI4AutoIncrementCounterModuleB4_TopLevel|State_counter[26]~84 ; |AXI4AutoIncrementCounterModuleB4_TopLevel|State_counter[26]~85      ; cout             ;
; |AXI4AutoIncrementCounterModuleB4_TopLevel|State_counter[27]~86 ; |AXI4AutoIncrementCounterModuleB4_TopLevel|State_counter[27]~86      ; combout          ;
; |AXI4AutoIncrementCounterModuleB4_TopLevel|State_counter[27]~86 ; |AXI4AutoIncrementCounterModuleB4_TopLevel|State_counter[27]~87      ; cout             ;
; |AXI4AutoIncrementCounterModuleB4_TopLevel|State_counter[28]~88 ; |AXI4AutoIncrementCounterModuleB4_TopLevel|State_counter[28]~88      ; combout          ;
; |AXI4AutoIncrementCounterModuleB4_TopLevel|State_counter[28]~88 ; |AXI4AutoIncrementCounterModuleB4_TopLevel|State_counter[28]~89      ; cout             ;
; |AXI4AutoIncrementCounterModuleB4_TopLevel|State_counter[29]~90 ; |AXI4AutoIncrementCounterModuleB4_TopLevel|State_counter[29]~90      ; combout          ;
; |AXI4AutoIncrementCounterModuleB4_TopLevel|State_counter[29]~90 ; |AXI4AutoIncrementCounterModuleB4_TopLevel|State_counter[29]~91      ; cout             ;
; |AXI4AutoIncrementCounterModuleB4_TopLevel|State_counter[30]~92 ; |AXI4AutoIncrementCounterModuleB4_TopLevel|State_counter[30]~92      ; combout          ;
; |AXI4AutoIncrementCounterModuleB4_TopLevel|State_counter[30]~92 ; |AXI4AutoIncrementCounterModuleB4_TopLevel|State_counter[30]~93      ; cout             ;
; |AXI4AutoIncrementCounterModuleB4_TopLevel|State_counter[31]~94 ; |AXI4AutoIncrementCounterModuleB4_TopLevel|State_counter[31]~94      ; combout          ;
; |AXI4AutoIncrementCounterModuleB4_TopLevel|oCounter[2]          ; |AXI4AutoIncrementCounterModuleB4_TopLevel|oCounter[2]               ; padio            ;
; |AXI4AutoIncrementCounterModuleB4_TopLevel|oCounter[3]          ; |AXI4AutoIncrementCounterModuleB4_TopLevel|oCounter[3]               ; padio            ;
; |AXI4AutoIncrementCounterModuleB4_TopLevel|oCounter[4]          ; |AXI4AutoIncrementCounterModuleB4_TopLevel|oCounter[4]               ; padio            ;
; |AXI4AutoIncrementCounterModuleB4_TopLevel|oCounter[5]          ; |AXI4AutoIncrementCounterModuleB4_TopLevel|oCounter[5]               ; padio            ;
; |AXI4AutoIncrementCounterModuleB4_TopLevel|oCounter[6]          ; |AXI4AutoIncrementCounterModuleB4_TopLevel|oCounter[6]               ; padio            ;
; |AXI4AutoIncrementCounterModuleB4_TopLevel|oCounter[7]          ; |AXI4AutoIncrementCounterModuleB4_TopLevel|oCounter[7]               ; padio            ;
; |AXI4AutoIncrementCounterModuleB4_TopLevel|oCounter[8]          ; |AXI4AutoIncrementCounterModuleB4_TopLevel|oCounter[8]               ; padio            ;
; |AXI4AutoIncrementCounterModuleB4_TopLevel|oCounter[9]          ; |AXI4AutoIncrementCounterModuleB4_TopLevel|oCounter[9]               ; padio            ;
; |AXI4AutoIncrementCounterModuleB4_TopLevel|oCounter[10]         ; |AXI4AutoIncrementCounterModuleB4_TopLevel|oCounter[10]              ; padio            ;
; |AXI4AutoIncrementCounterModuleB4_TopLevel|oCounter[11]         ; |AXI4AutoIncrementCounterModuleB4_TopLevel|oCounter[11]              ; padio            ;
; |AXI4AutoIncrementCounterModuleB4_TopLevel|oCounter[12]         ; |AXI4AutoIncrementCounterModuleB4_TopLevel|oCounter[12]              ; padio            ;
; |AXI4AutoIncrementCounterModuleB4_TopLevel|oCounter[13]         ; |AXI4AutoIncrementCounterModuleB4_TopLevel|oCounter[13]              ; padio            ;
; |AXI4AutoIncrementCounterModuleB4_TopLevel|oCounter[14]         ; |AXI4AutoIncrementCounterModuleB4_TopLevel|oCounter[14]              ; padio            ;
; |AXI4AutoIncrementCounterModuleB4_TopLevel|oCounter[15]         ; |AXI4AutoIncrementCounterModuleB4_TopLevel|oCounter[15]              ; padio            ;
; |AXI4AutoIncrementCounterModuleB4_TopLevel|oCounter[16]         ; |AXI4AutoIncrementCounterModuleB4_TopLevel|oCounter[16]              ; padio            ;
; |AXI4AutoIncrementCounterModuleB4_TopLevel|oCounter[17]         ; |AXI4AutoIncrementCounterModuleB4_TopLevel|oCounter[17]              ; padio            ;
; |AXI4AutoIncrementCounterModuleB4_TopLevel|oCounter[18]         ; |AXI4AutoIncrementCounterModuleB4_TopLevel|oCounter[18]              ; padio            ;
; |AXI4AutoIncrementCounterModuleB4_TopLevel|oCounter[19]         ; |AXI4AutoIncrementCounterModuleB4_TopLevel|oCounter[19]              ; padio            ;
; |AXI4AutoIncrementCounterModuleB4_TopLevel|oCounter[20]         ; |AXI4AutoIncrementCounterModuleB4_TopLevel|oCounter[20]              ; padio            ;
; |AXI4AutoIncrementCounterModuleB4_TopLevel|oCounter[21]         ; |AXI4AutoIncrementCounterModuleB4_TopLevel|oCounter[21]              ; padio            ;
; |AXI4AutoIncrementCounterModuleB4_TopLevel|oCounter[22]         ; |AXI4AutoIncrementCounterModuleB4_TopLevel|oCounter[22]              ; padio            ;
; |AXI4AutoIncrementCounterModuleB4_TopLevel|oCounter[23]         ; |AXI4AutoIncrementCounterModuleB4_TopLevel|oCounter[23]              ; padio            ;
; |AXI4AutoIncrementCounterModuleB4_TopLevel|oCounter[24]         ; |AXI4AutoIncrementCounterModuleB4_TopLevel|oCounter[24]              ; padio            ;
; |AXI4AutoIncrementCounterModuleB4_TopLevel|oCounter[25]         ; |AXI4AutoIncrementCounterModuleB4_TopLevel|oCounter[25]              ; padio            ;
; |AXI4AutoIncrementCounterModuleB4_TopLevel|oCounter[26]         ; |AXI4AutoIncrementCounterModuleB4_TopLevel|oCounter[26]              ; padio            ;
; |AXI4AutoIncrementCounterModuleB4_TopLevel|oCounter[27]         ; |AXI4AutoIncrementCounterModuleB4_TopLevel|oCounter[27]              ; padio            ;
; |AXI4AutoIncrementCounterModuleB4_TopLevel|oCounter[28]         ; |AXI4AutoIncrementCounterModuleB4_TopLevel|oCounter[28]              ; padio            ;
; |AXI4AutoIncrementCounterModuleB4_TopLevel|oCounter[29]         ; |AXI4AutoIncrementCounterModuleB4_TopLevel|oCounter[29]              ; padio            ;
; |AXI4AutoIncrementCounterModuleB4_TopLevel|oCounter[30]         ; |AXI4AutoIncrementCounterModuleB4_TopLevel|oCounter[30]              ; padio            ;
; |AXI4AutoIncrementCounterModuleB4_TopLevel|oCounter[31]         ; |AXI4AutoIncrementCounterModuleB4_TopLevel|oCounter[31]              ; padio            ;
; |AXI4AutoIncrementCounterModuleB4_TopLevel|S2M_R_R_RID[0]       ; |AXI4AutoIncrementCounterModuleB4_TopLevel|S2M_R_R_RID[0]            ; padio            ;
; |AXI4AutoIncrementCounterModuleB4_TopLevel|S2M_R_R_RID[1]       ; |AXI4AutoIncrementCounterModuleB4_TopLevel|S2M_R_R_RID[1]            ; padio            ;
; |AXI4AutoIncrementCounterModuleB4_TopLevel|S2M_R_R_RID[2]       ; |AXI4AutoIncrementCounterModuleB4_TopLevel|S2M_R_R_RID[2]            ; padio            ;
; |AXI4AutoIncrementCounterModuleB4_TopLevel|S2M_R_R_RID[3]       ; |AXI4AutoIncrementCounterModuleB4_TopLevel|S2M_R_R_RID[3]            ; padio            ;
; |AXI4AutoIncrementCounterModuleB4_TopLevel|S2M_R_R_RID[4]       ; |AXI4AutoIncrementCounterModuleB4_TopLevel|S2M_R_R_RID[4]            ; padio            ;
; |AXI4AutoIncrementCounterModuleB4_TopLevel|S2M_R_R_RID[5]       ; |AXI4AutoIncrementCounterModuleB4_TopLevel|S2M_R_R_RID[5]            ; padio            ;
; |AXI4AutoIncrementCounterModuleB4_TopLevel|S2M_R_R_RID[6]       ; |AXI4AutoIncrementCounterModuleB4_TopLevel|S2M_R_R_RID[6]            ; padio            ;
; |AXI4AutoIncrementCounterModuleB4_TopLevel|S2M_R_R_RID[7]       ; |AXI4AutoIncrementCounterModuleB4_TopLevel|S2M_R_R_RID[7]            ; padio            ;
; |AXI4AutoIncrementCounterModuleB4_TopLevel|S2M_R_R_RDATA0[2]    ; |AXI4AutoIncrementCounterModuleB4_TopLevel|S2M_R_R_RDATA0[2]         ; padio            ;
; |AXI4AutoIncrementCounterModuleB4_TopLevel|S2M_R_R_RDATA0[3]    ; |AXI4AutoIncrementCounterModuleB4_TopLevel|S2M_R_R_RDATA0[3]         ; padio            ;
; |AXI4AutoIncrementCounterModuleB4_TopLevel|S2M_R_R_RDATA0[4]    ; |AXI4AutoIncrementCounterModuleB4_TopLevel|S2M_R_R_RDATA0[4]         ; padio            ;
; |AXI4AutoIncrementCounterModuleB4_TopLevel|S2M_R_R_RDATA0[5]    ; |AXI4AutoIncrementCounterModuleB4_TopLevel|S2M_R_R_RDATA0[5]         ; padio            ;
; |AXI4AutoIncrementCounterModuleB4_TopLevel|S2M_R_R_RDATA0[6]    ; |AXI4AutoIncrementCounterModuleB4_TopLevel|S2M_R_R_RDATA0[6]         ; padio            ;
; |AXI4AutoIncrementCounterModuleB4_TopLevel|S2M_R_R_RDATA0[7]    ; |AXI4AutoIncrementCounterModuleB4_TopLevel|S2M_R_R_RDATA0[7]         ; padio            ;
; |AXI4AutoIncrementCounterModuleB4_TopLevel|S2M_R_R_RDATA1[0]    ; |AXI4AutoIncrementCounterModuleB4_TopLevel|S2M_R_R_RDATA1[0]         ; padio            ;
; |AXI4AutoIncrementCounterModuleB4_TopLevel|S2M_R_R_RDATA1[1]    ; |AXI4AutoIncrementCounterModuleB4_TopLevel|S2M_R_R_RDATA1[1]         ; padio            ;
; |AXI4AutoIncrementCounterModuleB4_TopLevel|S2M_R_R_RDATA1[2]    ; |AXI4AutoIncrementCounterModuleB4_TopLevel|S2M_R_R_RDATA1[2]         ; padio            ;
; |AXI4AutoIncrementCounterModuleB4_TopLevel|S2M_R_R_RDATA1[3]    ; |AXI4AutoIncrementCounterModuleB4_TopLevel|S2M_R_R_RDATA1[3]         ; padio            ;
; |AXI4AutoIncrementCounterModuleB4_TopLevel|S2M_R_R_RDATA1[4]    ; |AXI4AutoIncrementCounterModuleB4_TopLevel|S2M_R_R_RDATA1[4]         ; padio            ;
; |AXI4AutoIncrementCounterModuleB4_TopLevel|S2M_R_R_RDATA1[5]    ; |AXI4AutoIncrementCounterModuleB4_TopLevel|S2M_R_R_RDATA1[5]         ; padio            ;
; |AXI4AutoIncrementCounterModuleB4_TopLevel|S2M_R_R_RDATA1[6]    ; |AXI4AutoIncrementCounterModuleB4_TopLevel|S2M_R_R_RDATA1[6]         ; padio            ;
; |AXI4AutoIncrementCounterModuleB4_TopLevel|S2M_R_R_RDATA1[7]    ; |AXI4AutoIncrementCounterModuleB4_TopLevel|S2M_R_R_RDATA1[7]         ; padio            ;
; |AXI4AutoIncrementCounterModuleB4_TopLevel|S2M_R_R_RDATA2[0]    ; |AXI4AutoIncrementCounterModuleB4_TopLevel|S2M_R_R_RDATA2[0]         ; padio            ;
; |AXI4AutoIncrementCounterModuleB4_TopLevel|S2M_R_R_RDATA2[1]    ; |AXI4AutoIncrementCounterModuleB4_TopLevel|S2M_R_R_RDATA2[1]         ; padio            ;
; |AXI4AutoIncrementCounterModuleB4_TopLevel|S2M_R_R_RDATA2[2]    ; |AXI4AutoIncrementCounterModuleB4_TopLevel|S2M_R_R_RDATA2[2]         ; padio            ;
; |AXI4AutoIncrementCounterModuleB4_TopLevel|S2M_R_R_RDATA2[3]    ; |AXI4AutoIncrementCounterModuleB4_TopLevel|S2M_R_R_RDATA2[3]         ; padio            ;
; |AXI4AutoIncrementCounterModuleB4_TopLevel|S2M_R_R_RDATA2[4]    ; |AXI4AutoIncrementCounterModuleB4_TopLevel|S2M_R_R_RDATA2[4]         ; padio            ;
; |AXI4AutoIncrementCounterModuleB4_TopLevel|S2M_R_R_RDATA2[5]    ; |AXI4AutoIncrementCounterModuleB4_TopLevel|S2M_R_R_RDATA2[5]         ; padio            ;
; |AXI4AutoIncrementCounterModuleB4_TopLevel|S2M_R_R_RDATA2[6]    ; |AXI4AutoIncrementCounterModuleB4_TopLevel|S2M_R_R_RDATA2[6]         ; padio            ;
; |AXI4AutoIncrementCounterModuleB4_TopLevel|S2M_R_R_RDATA2[7]    ; |AXI4AutoIncrementCounterModuleB4_TopLevel|S2M_R_R_RDATA2[7]         ; padio            ;
; |AXI4AutoIncrementCounterModuleB4_TopLevel|S2M_R_R_RDATA3[0]    ; |AXI4AutoIncrementCounterModuleB4_TopLevel|S2M_R_R_RDATA3[0]         ; padio            ;
; |AXI4AutoIncrementCounterModuleB4_TopLevel|S2M_R_R_RDATA3[1]    ; |AXI4AutoIncrementCounterModuleB4_TopLevel|S2M_R_R_RDATA3[1]         ; padio            ;
; |AXI4AutoIncrementCounterModuleB4_TopLevel|S2M_R_R_RDATA3[2]    ; |AXI4AutoIncrementCounterModuleB4_TopLevel|S2M_R_R_RDATA3[2]         ; padio            ;
; |AXI4AutoIncrementCounterModuleB4_TopLevel|S2M_R_R_RDATA3[3]    ; |AXI4AutoIncrementCounterModuleB4_TopLevel|S2M_R_R_RDATA3[3]         ; padio            ;
; |AXI4AutoIncrementCounterModuleB4_TopLevel|S2M_R_R_RDATA3[4]    ; |AXI4AutoIncrementCounterModuleB4_TopLevel|S2M_R_R_RDATA3[4]         ; padio            ;
; |AXI4AutoIncrementCounterModuleB4_TopLevel|S2M_R_R_RDATA3[5]    ; |AXI4AutoIncrementCounterModuleB4_TopLevel|S2M_R_R_RDATA3[5]         ; padio            ;
; |AXI4AutoIncrementCounterModuleB4_TopLevel|S2M_R_R_RDATA3[6]    ; |AXI4AutoIncrementCounterModuleB4_TopLevel|S2M_R_R_RDATA3[6]         ; padio            ;
; |AXI4AutoIncrementCounterModuleB4_TopLevel|S2M_R_R_RDATA3[7]    ; |AXI4AutoIncrementCounterModuleB4_TopLevel|S2M_R_R_RDATA3[7]         ; padio            ;
; |AXI4AutoIncrementCounterModuleB4_TopLevel|S2M_R_R_RRESP[0]     ; |AXI4AutoIncrementCounterModuleB4_TopLevel|S2M_R_R_RRESP[0]          ; padio            ;
; |AXI4AutoIncrementCounterModuleB4_TopLevel|S2M_R_R_RRESP[1]     ; |AXI4AutoIncrementCounterModuleB4_TopLevel|S2M_R_R_RRESP[1]          ; padio            ;
; |AXI4AutoIncrementCounterModuleB4_TopLevel|S2M_R_R_RLAST        ; |AXI4AutoIncrementCounterModuleB4_TopLevel|S2M_R_R_RLAST             ; padio            ;
; |AXI4AutoIncrementCounterModuleB4_TopLevel|S2M_R_R_RUSER[0]     ; |AXI4AutoIncrementCounterModuleB4_TopLevel|S2M_R_R_RUSER[0]          ; padio            ;
; |AXI4AutoIncrementCounterModuleB4_TopLevel|S2M_R_R_RUSER[1]     ; |AXI4AutoIncrementCounterModuleB4_TopLevel|S2M_R_R_RUSER[1]          ; padio            ;
; |AXI4AutoIncrementCounterModuleB4_TopLevel|S2M_R_R_RUSER[2]     ; |AXI4AutoIncrementCounterModuleB4_TopLevel|S2M_R_R_RUSER[2]          ; padio            ;
; |AXI4AutoIncrementCounterModuleB4_TopLevel|S2M_R_R_RUSER[3]     ; |AXI4AutoIncrementCounterModuleB4_TopLevel|S2M_R_R_RUSER[3]          ; padio            ;
; |AXI4AutoIncrementCounterModuleB4_TopLevel|S2M_R_R_RUSER[4]     ; |AXI4AutoIncrementCounterModuleB4_TopLevel|S2M_R_R_RUSER[4]          ; padio            ;
; |AXI4AutoIncrementCounterModuleB4_TopLevel|S2M_R_R_RUSER[5]     ; |AXI4AutoIncrementCounterModuleB4_TopLevel|S2M_R_R_RUSER[5]          ; padio            ;
; |AXI4AutoIncrementCounterModuleB4_TopLevel|S2M_R_R_RUSER[6]     ; |AXI4AutoIncrementCounterModuleB4_TopLevel|S2M_R_R_RUSER[6]          ; padio            ;
; |AXI4AutoIncrementCounterModuleB4_TopLevel|S2M_R_R_RUSER[7]     ; |AXI4AutoIncrementCounterModuleB4_TopLevel|S2M_R_R_RUSER[7]          ; padio            ;
; |AXI4AutoIncrementCounterModuleB4_TopLevel|S2M_W_AW_AWREADY     ; |AXI4AutoIncrementCounterModuleB4_TopLevel|S2M_W_AW_AWREADY          ; padio            ;
; |AXI4AutoIncrementCounterModuleB4_TopLevel|S2M_W_B_BID[0]       ; |AXI4AutoIncrementCounterModuleB4_TopLevel|S2M_W_B_BID[0]            ; padio            ;
; |AXI4AutoIncrementCounterModuleB4_TopLevel|S2M_W_B_BID[1]       ; |AXI4AutoIncrementCounterModuleB4_TopLevel|S2M_W_B_BID[1]            ; padio            ;
; |AXI4AutoIncrementCounterModuleB4_TopLevel|S2M_W_B_BID[2]       ; |AXI4AutoIncrementCounterModuleB4_TopLevel|S2M_W_B_BID[2]            ; padio            ;
; |AXI4AutoIncrementCounterModuleB4_TopLevel|S2M_W_B_BID[3]       ; |AXI4AutoIncrementCounterModuleB4_TopLevel|S2M_W_B_BID[3]            ; padio            ;
; |AXI4AutoIncrementCounterModuleB4_TopLevel|S2M_W_B_BID[4]       ; |AXI4AutoIncrementCounterModuleB4_TopLevel|S2M_W_B_BID[4]            ; padio            ;
; |AXI4AutoIncrementCounterModuleB4_TopLevel|S2M_W_B_BID[5]       ; |AXI4AutoIncrementCounterModuleB4_TopLevel|S2M_W_B_BID[5]            ; padio            ;
; |AXI4AutoIncrementCounterModuleB4_TopLevel|S2M_W_B_BID[6]       ; |AXI4AutoIncrementCounterModuleB4_TopLevel|S2M_W_B_BID[6]            ; padio            ;
; |AXI4AutoIncrementCounterModuleB4_TopLevel|S2M_W_B_BID[7]       ; |AXI4AutoIncrementCounterModuleB4_TopLevel|S2M_W_B_BID[7]            ; padio            ;
; |AXI4AutoIncrementCounterModuleB4_TopLevel|S2M_W_B_BRESP[0]     ; |AXI4AutoIncrementCounterModuleB4_TopLevel|S2M_W_B_BRESP[0]          ; padio            ;
; |AXI4AutoIncrementCounterModuleB4_TopLevel|S2M_W_B_BRESP[1]     ; |AXI4AutoIncrementCounterModuleB4_TopLevel|S2M_W_B_BRESP[1]          ; padio            ;
; |AXI4AutoIncrementCounterModuleB4_TopLevel|S2M_W_B_BUSER[0]     ; |AXI4AutoIncrementCounterModuleB4_TopLevel|S2M_W_B_BUSER[0]          ; padio            ;
; |AXI4AutoIncrementCounterModuleB4_TopLevel|S2M_W_B_BUSER[1]     ; |AXI4AutoIncrementCounterModuleB4_TopLevel|S2M_W_B_BUSER[1]          ; padio            ;
; |AXI4AutoIncrementCounterModuleB4_TopLevel|S2M_W_B_BUSER[2]     ; |AXI4AutoIncrementCounterModuleB4_TopLevel|S2M_W_B_BUSER[2]          ; padio            ;
; |AXI4AutoIncrementCounterModuleB4_TopLevel|S2M_W_B_BUSER[3]     ; |AXI4AutoIncrementCounterModuleB4_TopLevel|S2M_W_B_BUSER[3]          ; padio            ;
; |AXI4AutoIncrementCounterModuleB4_TopLevel|S2M_W_B_BUSER[4]     ; |AXI4AutoIncrementCounterModuleB4_TopLevel|S2M_W_B_BUSER[4]          ; padio            ;
; |AXI4AutoIncrementCounterModuleB4_TopLevel|S2M_W_B_BUSER[5]     ; |AXI4AutoIncrementCounterModuleB4_TopLevel|S2M_W_B_BUSER[5]          ; padio            ;
; |AXI4AutoIncrementCounterModuleB4_TopLevel|S2M_W_B_BUSER[6]     ; |AXI4AutoIncrementCounterModuleB4_TopLevel|S2M_W_B_BUSER[6]          ; padio            ;
; |AXI4AutoIncrementCounterModuleB4_TopLevel|S2M_W_B_BUSER[7]     ; |AXI4AutoIncrementCounterModuleB4_TopLevel|S2M_W_B_BUSER[7]          ; padio            ;
; |AXI4AutoIncrementCounterModuleB4_TopLevel|S2M_W_B_BVALID       ; |AXI4AutoIncrementCounterModuleB4_TopLevel|S2M_W_B_BVALID            ; padio            ;
; |AXI4AutoIncrementCounterModuleB4_TopLevel|S2M_W_W_WREADY       ; |AXI4AutoIncrementCounterModuleB4_TopLevel|S2M_W_W_WREADY            ; padio            ;
; |AXI4AutoIncrementCounterModuleB4_TopLevel|M2S_R_AR_ARID[0]     ; |AXI4AutoIncrementCounterModuleB4_TopLevel|M2S_R_AR_ARID[0]~corein   ; combout          ;
; |AXI4AutoIncrementCounterModuleB4_TopLevel|M2S_R_AR_ARID[1]     ; |AXI4AutoIncrementCounterModuleB4_TopLevel|M2S_R_AR_ARID[1]~corein   ; combout          ;
; |AXI4AutoIncrementCounterModuleB4_TopLevel|M2S_R_AR_ARID[2]     ; |AXI4AutoIncrementCounterModuleB4_TopLevel|M2S_R_AR_ARID[2]~corein   ; combout          ;
; |AXI4AutoIncrementCounterModuleB4_TopLevel|M2S_R_AR_ARID[3]     ; |AXI4AutoIncrementCounterModuleB4_TopLevel|M2S_R_AR_ARID[3]~corein   ; combout          ;
; |AXI4AutoIncrementCounterModuleB4_TopLevel|M2S_R_AR_ARID[4]     ; |AXI4AutoIncrementCounterModuleB4_TopLevel|M2S_R_AR_ARID[4]~corein   ; combout          ;
; |AXI4AutoIncrementCounterModuleB4_TopLevel|M2S_R_AR_ARID[5]     ; |AXI4AutoIncrementCounterModuleB4_TopLevel|M2S_R_AR_ARID[5]~corein   ; combout          ;
; |AXI4AutoIncrementCounterModuleB4_TopLevel|M2S_R_AR_ARID[6]     ; |AXI4AutoIncrementCounterModuleB4_TopLevel|M2S_R_AR_ARID[6]~corein   ; combout          ;
; |AXI4AutoIncrementCounterModuleB4_TopLevel|M2S_R_AR_ARID[7]     ; |AXI4AutoIncrementCounterModuleB4_TopLevel|M2S_R_AR_ARID[7]~corein   ; combout          ;
; |AXI4AutoIncrementCounterModuleB4_TopLevel|M2S_R_AR_ARUSER[0]   ; |AXI4AutoIncrementCounterModuleB4_TopLevel|M2S_R_AR_ARUSER[0]~corein ; combout          ;
; |AXI4AutoIncrementCounterModuleB4_TopLevel|M2S_R_AR_ARUSER[1]   ; |AXI4AutoIncrementCounterModuleB4_TopLevel|M2S_R_AR_ARUSER[1]~corein ; combout          ;
; |AXI4AutoIncrementCounterModuleB4_TopLevel|M2S_R_AR_ARUSER[2]   ; |AXI4AutoIncrementCounterModuleB4_TopLevel|M2S_R_AR_ARUSER[2]~corein ; combout          ;
; |AXI4AutoIncrementCounterModuleB4_TopLevel|M2S_R_AR_ARUSER[3]   ; |AXI4AutoIncrementCounterModuleB4_TopLevel|M2S_R_AR_ARUSER[3]~corein ; combout          ;
; |AXI4AutoIncrementCounterModuleB4_TopLevel|M2S_R_AR_ARUSER[4]   ; |AXI4AutoIncrementCounterModuleB4_TopLevel|M2S_R_AR_ARUSER[4]~corein ; combout          ;
; |AXI4AutoIncrementCounterModuleB4_TopLevel|M2S_R_AR_ARUSER[5]   ; |AXI4AutoIncrementCounterModuleB4_TopLevel|M2S_R_AR_ARUSER[5]~corein ; combout          ;
; |AXI4AutoIncrementCounterModuleB4_TopLevel|M2S_R_AR_ARUSER[6]   ; |AXI4AutoIncrementCounterModuleB4_TopLevel|M2S_R_AR_ARUSER[6]~corein ; combout          ;
; |AXI4AutoIncrementCounterModuleB4_TopLevel|M2S_R_AR_ARUSER[7]   ; |AXI4AutoIncrementCounterModuleB4_TopLevel|M2S_R_AR_ARUSER[7]~corein ; combout          ;
; |AXI4AutoIncrementCounterModuleB4_TopLevel|M2S_W_W_WID[0]       ; |AXI4AutoIncrementCounterModuleB4_TopLevel|M2S_W_W_WID[0]~corein     ; combout          ;
; |AXI4AutoIncrementCounterModuleB4_TopLevel|M2S_W_W_WID[1]       ; |AXI4AutoIncrementCounterModuleB4_TopLevel|M2S_W_W_WID[1]~corein     ; combout          ;
; |AXI4AutoIncrementCounterModuleB4_TopLevel|M2S_W_W_WID[2]       ; |AXI4AutoIncrementCounterModuleB4_TopLevel|M2S_W_W_WID[2]~corein     ; combout          ;
; |AXI4AutoIncrementCounterModuleB4_TopLevel|M2S_W_W_WID[3]       ; |AXI4AutoIncrementCounterModuleB4_TopLevel|M2S_W_W_WID[3]~corein     ; combout          ;
; |AXI4AutoIncrementCounterModuleB4_TopLevel|M2S_W_W_WID[4]       ; |AXI4AutoIncrementCounterModuleB4_TopLevel|M2S_W_W_WID[4]~corein     ; combout          ;
; |AXI4AutoIncrementCounterModuleB4_TopLevel|M2S_W_W_WID[5]       ; |AXI4AutoIncrementCounterModuleB4_TopLevel|M2S_W_W_WID[5]~corein     ; combout          ;
; |AXI4AutoIncrementCounterModuleB4_TopLevel|M2S_W_W_WID[6]       ; |AXI4AutoIncrementCounterModuleB4_TopLevel|M2S_W_W_WID[6]~corein     ; combout          ;
; |AXI4AutoIncrementCounterModuleB4_TopLevel|M2S_W_W_WID[7]       ; |AXI4AutoIncrementCounterModuleB4_TopLevel|M2S_W_W_WID[7]~corein     ; combout          ;
; |AXI4AutoIncrementCounterModuleB4_TopLevel|M2S_W_W_WUSER[0]     ; |AXI4AutoIncrementCounterModuleB4_TopLevel|M2S_W_W_WUSER[0]~corein   ; combout          ;
; |AXI4AutoIncrementCounterModuleB4_TopLevel|M2S_W_W_WUSER[1]     ; |AXI4AutoIncrementCounterModuleB4_TopLevel|M2S_W_W_WUSER[1]~corein   ; combout          ;
; |AXI4AutoIncrementCounterModuleB4_TopLevel|M2S_W_W_WUSER[2]     ; |AXI4AutoIncrementCounterModuleB4_TopLevel|M2S_W_W_WUSER[2]~corein   ; combout          ;
; |AXI4AutoIncrementCounterModuleB4_TopLevel|M2S_W_W_WUSER[3]     ; |AXI4AutoIncrementCounterModuleB4_TopLevel|M2S_W_W_WUSER[3]~corein   ; combout          ;
; |AXI4AutoIncrementCounterModuleB4_TopLevel|M2S_W_W_WUSER[4]     ; |AXI4AutoIncrementCounterModuleB4_TopLevel|M2S_W_W_WUSER[4]~corein   ; combout          ;
; |AXI4AutoIncrementCounterModuleB4_TopLevel|M2S_W_W_WUSER[5]     ; |AXI4AutoIncrementCounterModuleB4_TopLevel|M2S_W_W_WUSER[5]~corein   ; combout          ;
; |AXI4AutoIncrementCounterModuleB4_TopLevel|M2S_W_W_WUSER[6]     ; |AXI4AutoIncrementCounterModuleB4_TopLevel|M2S_W_W_WUSER[6]~corein   ; combout          ;
; |AXI4AutoIncrementCounterModuleB4_TopLevel|M2S_W_W_WUSER[7]     ; |AXI4AutoIncrementCounterModuleB4_TopLevel|M2S_W_W_WUSER[7]~corein   ; combout          ;
; |AXI4AutoIncrementCounterModuleB4_TopLevel|Reset                ; |AXI4AutoIncrementCounterModuleB4_TopLevel|Reset~corein              ; combout          ;
; |AXI4AutoIncrementCounterModuleB4_TopLevel|M2S_R_R_RREADY       ; |AXI4AutoIncrementCounterModuleB4_TopLevel|M2S_R_R_RREADY~corein     ; combout          ;
+-----------------------------------------------------------------+----------------------------------------------------------------------+------------------+


The following table displays output ports that do not toggle to 0 during simulation.
+-----------------------------------------------------------------------------------------------------------------------------------------------------------+
; Missing 0-Value Coverage                                                                                                                                  ;
+-----------------------------------------------------------------+----------------------------------------------------------------------+------------------+
; Node Name                                                       ; Output Port Name                                                     ; Output Port Type ;
+-----------------------------------------------------------------+----------------------------------------------------------------------+------------------+
; |AXI4AutoIncrementCounterModuleB4_TopLevel|State_counter[1]     ; |AXI4AutoIncrementCounterModuleB4_TopLevel|State_counter[1]          ; regout           ;
; |AXI4AutoIncrementCounterModuleB4_TopLevel|State_counter[2]     ; |AXI4AutoIncrementCounterModuleB4_TopLevel|State_counter[2]          ; regout           ;
; |AXI4AutoIncrementCounterModuleB4_TopLevel|State_counter[3]     ; |AXI4AutoIncrementCounterModuleB4_TopLevel|State_counter[3]          ; regout           ;
; |AXI4AutoIncrementCounterModuleB4_TopLevel|State_counter[4]     ; |AXI4AutoIncrementCounterModuleB4_TopLevel|State_counter[4]          ; regout           ;
; |AXI4AutoIncrementCounterModuleB4_TopLevel|State_counter[5]     ; |AXI4AutoIncrementCounterModuleB4_TopLevel|State_counter[5]          ; regout           ;
; |AXI4AutoIncrementCounterModuleB4_TopLevel|State_counter[6]     ; |AXI4AutoIncrementCounterModuleB4_TopLevel|State_counter[6]          ; regout           ;
; |AXI4AutoIncrementCounterModuleB4_TopLevel|State_counter[7]     ; |AXI4AutoIncrementCounterModuleB4_TopLevel|State_counter[7]          ; regout           ;
; |AXI4AutoIncrementCounterModuleB4_TopLevel|State_counter[8]     ; |AXI4AutoIncrementCounterModuleB4_TopLevel|State_counter[8]          ; regout           ;
; |AXI4AutoIncrementCounterModuleB4_TopLevel|State_counter[9]     ; |AXI4AutoIncrementCounterModuleB4_TopLevel|State_counter[9]          ; regout           ;
; |AXI4AutoIncrementCounterModuleB4_TopLevel|State_counter[10]    ; |AXI4AutoIncrementCounterModuleB4_TopLevel|State_counter[10]         ; regout           ;
; |AXI4AutoIncrementCounterModuleB4_TopLevel|State_counter[11]    ; |AXI4AutoIncrementCounterModuleB4_TopLevel|State_counter[11]         ; regout           ;
; |AXI4AutoIncrementCounterModuleB4_TopLevel|State_counter[12]    ; |AXI4AutoIncrementCounterModuleB4_TopLevel|State_counter[12]         ; regout           ;
; |AXI4AutoIncrementCounterModuleB4_TopLevel|State_counter[13]    ; |AXI4AutoIncrementCounterModuleB4_TopLevel|State_counter[13]         ; regout           ;
; |AXI4AutoIncrementCounterModuleB4_TopLevel|State_counter[14]    ; |AXI4AutoIncrementCounterModuleB4_TopLevel|State_counter[14]         ; regout           ;
; |AXI4AutoIncrementCounterModuleB4_TopLevel|State_counter[15]    ; |AXI4AutoIncrementCounterModuleB4_TopLevel|State_counter[15]         ; regout           ;
; |AXI4AutoIncrementCounterModuleB4_TopLevel|State_counter[16]    ; |AXI4AutoIncrementCounterModuleB4_TopLevel|State_counter[16]         ; regout           ;
; |AXI4AutoIncrementCounterModuleB4_TopLevel|State_counter[17]    ; |AXI4AutoIncrementCounterModuleB4_TopLevel|State_counter[17]         ; regout           ;
; |AXI4AutoIncrementCounterModuleB4_TopLevel|State_counter[18]    ; |AXI4AutoIncrementCounterModuleB4_TopLevel|State_counter[18]         ; regout           ;
; |AXI4AutoIncrementCounterModuleB4_TopLevel|State_counter[19]    ; |AXI4AutoIncrementCounterModuleB4_TopLevel|State_counter[19]         ; regout           ;
; |AXI4AutoIncrementCounterModuleB4_TopLevel|State_counter[20]    ; |AXI4AutoIncrementCounterModuleB4_TopLevel|State_counter[20]         ; regout           ;
; |AXI4AutoIncrementCounterModuleB4_TopLevel|State_counter[21]    ; |AXI4AutoIncrementCounterModuleB4_TopLevel|State_counter[21]         ; regout           ;
; |AXI4AutoIncrementCounterModuleB4_TopLevel|State_counter[22]    ; |AXI4AutoIncrementCounterModuleB4_TopLevel|State_counter[22]         ; regout           ;
; |AXI4AutoIncrementCounterModuleB4_TopLevel|State_counter[23]    ; |AXI4AutoIncrementCounterModuleB4_TopLevel|State_counter[23]         ; regout           ;
; |AXI4AutoIncrementCounterModuleB4_TopLevel|State_counter[24]    ; |AXI4AutoIncrementCounterModuleB4_TopLevel|State_counter[24]         ; regout           ;
; |AXI4AutoIncrementCounterModuleB4_TopLevel|State_counter[25]    ; |AXI4AutoIncrementCounterModuleB4_TopLevel|State_counter[25]         ; regout           ;
; |AXI4AutoIncrementCounterModuleB4_TopLevel|State_counter[26]    ; |AXI4AutoIncrementCounterModuleB4_TopLevel|State_counter[26]         ; regout           ;
; |AXI4AutoIncrementCounterModuleB4_TopLevel|State_counter[27]    ; |AXI4AutoIncrementCounterModuleB4_TopLevel|State_counter[27]         ; regout           ;
; |AXI4AutoIncrementCounterModuleB4_TopLevel|State_counter[28]    ; |AXI4AutoIncrementCounterModuleB4_TopLevel|State_counter[28]         ; regout           ;
; |AXI4AutoIncrementCounterModuleB4_TopLevel|State_counter[29]    ; |AXI4AutoIncrementCounterModuleB4_TopLevel|State_counter[29]         ; regout           ;
; |AXI4AutoIncrementCounterModuleB4_TopLevel|State_counter[30]    ; |AXI4AutoIncrementCounterModuleB4_TopLevel|State_counter[30]         ; regout           ;
; |AXI4AutoIncrementCounterModuleB4_TopLevel|State_counter[31]    ; |AXI4AutoIncrementCounterModuleB4_TopLevel|State_counter[31]         ; regout           ;
; |AXI4AutoIncrementCounterModuleB4_TopLevel|State_counter[1]~34  ; |AXI4AutoIncrementCounterModuleB4_TopLevel|State_counter[1]~35       ; cout             ;
; |AXI4AutoIncrementCounterModuleB4_TopLevel|State_counter[2]~36  ; |AXI4AutoIncrementCounterModuleB4_TopLevel|State_counter[2]~36       ; combout          ;
; |AXI4AutoIncrementCounterModuleB4_TopLevel|State_counter[2]~36  ; |AXI4AutoIncrementCounterModuleB4_TopLevel|State_counter[2]~37       ; cout             ;
; |AXI4AutoIncrementCounterModuleB4_TopLevel|State_counter[3]~38  ; |AXI4AutoIncrementCounterModuleB4_TopLevel|State_counter[3]~38       ; combout          ;
; |AXI4AutoIncrementCounterModuleB4_TopLevel|State_counter[3]~38  ; |AXI4AutoIncrementCounterModuleB4_TopLevel|State_counter[3]~39       ; cout             ;
; |AXI4AutoIncrementCounterModuleB4_TopLevel|State_counter[4]~40  ; |AXI4AutoIncrementCounterModuleB4_TopLevel|State_counter[4]~40       ; combout          ;
; |AXI4AutoIncrementCounterModuleB4_TopLevel|State_counter[4]~40  ; |AXI4AutoIncrementCounterModuleB4_TopLevel|State_counter[4]~41       ; cout             ;
; |AXI4AutoIncrementCounterModuleB4_TopLevel|State_counter[5]~42  ; |AXI4AutoIncrementCounterModuleB4_TopLevel|State_counter[5]~42       ; combout          ;
; |AXI4AutoIncrementCounterModuleB4_TopLevel|State_counter[5]~42  ; |AXI4AutoIncrementCounterModuleB4_TopLevel|State_counter[5]~43       ; cout             ;
; |AXI4AutoIncrementCounterModuleB4_TopLevel|State_counter[6]~44  ; |AXI4AutoIncrementCounterModuleB4_TopLevel|State_counter[6]~44       ; combout          ;
; |AXI4AutoIncrementCounterModuleB4_TopLevel|State_counter[6]~44  ; |AXI4AutoIncrementCounterModuleB4_TopLevel|State_counter[6]~45       ; cout             ;
; |AXI4AutoIncrementCounterModuleB4_TopLevel|State_counter[7]~46  ; |AXI4AutoIncrementCounterModuleB4_TopLevel|State_counter[7]~46       ; combout          ;
; |AXI4AutoIncrementCounterModuleB4_TopLevel|State_counter[7]~46  ; |AXI4AutoIncrementCounterModuleB4_TopLevel|State_counter[7]~47       ; cout             ;
; |AXI4AutoIncrementCounterModuleB4_TopLevel|State_counter[8]~48  ; |AXI4AutoIncrementCounterModuleB4_TopLevel|State_counter[8]~48       ; combout          ;
; |AXI4AutoIncrementCounterModuleB4_TopLevel|State_counter[8]~48  ; |AXI4AutoIncrementCounterModuleB4_TopLevel|State_counter[8]~49       ; cout             ;
; |AXI4AutoIncrementCounterModuleB4_TopLevel|State_counter[9]~50  ; |AXI4AutoIncrementCounterModuleB4_TopLevel|State_counter[9]~50       ; combout          ;
; |AXI4AutoIncrementCounterModuleB4_TopLevel|State_counter[9]~50  ; |AXI4AutoIncrementCounterModuleB4_TopLevel|State_counter[9]~51       ; cout             ;
; |AXI4AutoIncrementCounterModuleB4_TopLevel|State_counter[10]~52 ; |AXI4AutoIncrementCounterModuleB4_TopLevel|State_counter[10]~52      ; combout          ;
; |AXI4AutoIncrementCounterModuleB4_TopLevel|State_counter[10]~52 ; |AXI4AutoIncrementCounterModuleB4_TopLevel|State_counter[10]~53      ; cout             ;
; |AXI4AutoIncrementCounterModuleB4_TopLevel|State_counter[11]~54 ; |AXI4AutoIncrementCounterModuleB4_TopLevel|State_counter[11]~54      ; combout          ;
; |AXI4AutoIncrementCounterModuleB4_TopLevel|State_counter[11]~54 ; |AXI4AutoIncrementCounterModuleB4_TopLevel|State_counter[11]~55      ; cout             ;
; |AXI4AutoIncrementCounterModuleB4_TopLevel|State_counter[12]~56 ; |AXI4AutoIncrementCounterModuleB4_TopLevel|State_counter[12]~56      ; combout          ;
; |AXI4AutoIncrementCounterModuleB4_TopLevel|State_counter[12]~56 ; |AXI4AutoIncrementCounterModuleB4_TopLevel|State_counter[12]~57      ; cout             ;
; |AXI4AutoIncrementCounterModuleB4_TopLevel|State_counter[13]~58 ; |AXI4AutoIncrementCounterModuleB4_TopLevel|State_counter[13]~58      ; combout          ;
; |AXI4AutoIncrementCounterModuleB4_TopLevel|State_counter[13]~58 ; |AXI4AutoIncrementCounterModuleB4_TopLevel|State_counter[13]~59      ; cout             ;
; |AXI4AutoIncrementCounterModuleB4_TopLevel|State_counter[14]~60 ; |AXI4AutoIncrementCounterModuleB4_TopLevel|State_counter[14]~60      ; combout          ;
; |AXI4AutoIncrementCounterModuleB4_TopLevel|State_counter[14]~60 ; |AXI4AutoIncrementCounterModuleB4_TopLevel|State_counter[14]~61      ; cout             ;
; |AXI4AutoIncrementCounterModuleB4_TopLevel|State_counter[15]~62 ; |AXI4AutoIncrementCounterModuleB4_TopLevel|State_counter[15]~62      ; combout          ;
; |AXI4AutoIncrementCounterModuleB4_TopLevel|State_counter[15]~62 ; |AXI4AutoIncrementCounterModuleB4_TopLevel|State_counter[15]~63      ; cout             ;
; |AXI4AutoIncrementCounterModuleB4_TopLevel|State_counter[16]~64 ; |AXI4AutoIncrementCounterModuleB4_TopLevel|State_counter[16]~64      ; combout          ;
; |AXI4AutoIncrementCounterModuleB4_TopLevel|State_counter[16]~64 ; |AXI4AutoIncrementCounterModuleB4_TopLevel|State_counter[16]~65      ; cout             ;
; |AXI4AutoIncrementCounterModuleB4_TopLevel|State_counter[17]~66 ; |AXI4AutoIncrementCounterModuleB4_TopLevel|State_counter[17]~66      ; combout          ;
; |AXI4AutoIncrementCounterModuleB4_TopLevel|State_counter[17]~66 ; |AXI4AutoIncrementCounterModuleB4_TopLevel|State_counter[17]~67      ; cout             ;
; |AXI4AutoIncrementCounterModuleB4_TopLevel|State_counter[18]~68 ; |AXI4AutoIncrementCounterModuleB4_TopLevel|State_counter[18]~68      ; combout          ;
; |AXI4AutoIncrementCounterModuleB4_TopLevel|State_counter[18]~68 ; |AXI4AutoIncrementCounterModuleB4_TopLevel|State_counter[18]~69      ; cout             ;
; |AXI4AutoIncrementCounterModuleB4_TopLevel|State_counter[19]~70 ; |AXI4AutoIncrementCounterModuleB4_TopLevel|State_counter[19]~70      ; combout          ;
; |AXI4AutoIncrementCounterModuleB4_TopLevel|State_counter[19]~70 ; |AXI4AutoIncrementCounterModuleB4_TopLevel|State_counter[19]~71      ; cout             ;
; |AXI4AutoIncrementCounterModuleB4_TopLevel|State_counter[20]~72 ; |AXI4AutoIncrementCounterModuleB4_TopLevel|State_counter[20]~72      ; combout          ;
; |AXI4AutoIncrementCounterModuleB4_TopLevel|State_counter[20]~72 ; |AXI4AutoIncrementCounterModuleB4_TopLevel|State_counter[20]~73      ; cout             ;
; |AXI4AutoIncrementCounterModuleB4_TopLevel|State_counter[21]~74 ; |AXI4AutoIncrementCounterModuleB4_TopLevel|State_counter[21]~74      ; combout          ;
; |AXI4AutoIncrementCounterModuleB4_TopLevel|State_counter[21]~74 ; |AXI4AutoIncrementCounterModuleB4_TopLevel|State_counter[21]~75      ; cout             ;
; |AXI4AutoIncrementCounterModuleB4_TopLevel|State_counter[22]~76 ; |AXI4AutoIncrementCounterModuleB4_TopLevel|State_counter[22]~76      ; combout          ;
; |AXI4AutoIncrementCounterModuleB4_TopLevel|State_counter[22]~76 ; |AXI4AutoIncrementCounterModuleB4_TopLevel|State_counter[22]~77      ; cout             ;
; |AXI4AutoIncrementCounterModuleB4_TopLevel|State_counter[23]~78 ; |AXI4AutoIncrementCounterModuleB4_TopLevel|State_counter[23]~78      ; combout          ;
; |AXI4AutoIncrementCounterModuleB4_TopLevel|State_counter[23]~78 ; |AXI4AutoIncrementCounterModuleB4_TopLevel|State_counter[23]~79      ; cout             ;
; |AXI4AutoIncrementCounterModuleB4_TopLevel|State_counter[24]~80 ; |AXI4AutoIncrementCounterModuleB4_TopLevel|State_counter[24]~80      ; combout          ;
; |AXI4AutoIncrementCounterModuleB4_TopLevel|State_counter[24]~80 ; |AXI4AutoIncrementCounterModuleB4_TopLevel|State_counter[24]~81      ; cout             ;
; |AXI4AutoIncrementCounterModuleB4_TopLevel|State_counter[25]~82 ; |AXI4AutoIncrementCounterModuleB4_TopLevel|State_counter[25]~82      ; combout          ;
; |AXI4AutoIncrementCounterModuleB4_TopLevel|State_counter[25]~82 ; |AXI4AutoIncrementCounterModuleB4_TopLevel|State_counter[25]~83      ; cout             ;
; |AXI4AutoIncrementCounterModuleB4_TopLevel|State_counter[26]~84 ; |AXI4AutoIncrementCounterModuleB4_TopLevel|State_counter[26]~84      ; combout          ;
; |AXI4AutoIncrementCounterModuleB4_TopLevel|State_counter[26]~84 ; |AXI4AutoIncrementCounterModuleB4_TopLevel|State_counter[26]~85      ; cout             ;
; |AXI4AutoIncrementCounterModuleB4_TopLevel|State_counter[27]~86 ; |AXI4AutoIncrementCounterModuleB4_TopLevel|State_counter[27]~86      ; combout          ;
; |AXI4AutoIncrementCounterModuleB4_TopLevel|State_counter[27]~86 ; |AXI4AutoIncrementCounterModuleB4_TopLevel|State_counter[27]~87      ; cout             ;
; |AXI4AutoIncrementCounterModuleB4_TopLevel|State_counter[28]~88 ; |AXI4AutoIncrementCounterModuleB4_TopLevel|State_counter[28]~88      ; combout          ;
; |AXI4AutoIncrementCounterModuleB4_TopLevel|State_counter[28]~88 ; |AXI4AutoIncrementCounterModuleB4_TopLevel|State_counter[28]~89      ; cout             ;
; |AXI4AutoIncrementCounterModuleB4_TopLevel|State_counter[29]~90 ; |AXI4AutoIncrementCounterModuleB4_TopLevel|State_counter[29]~90      ; combout          ;
; |AXI4AutoIncrementCounterModuleB4_TopLevel|State_counter[29]~90 ; |AXI4AutoIncrementCounterModuleB4_TopLevel|State_counter[29]~91      ; cout             ;
; |AXI4AutoIncrementCounterModuleB4_TopLevel|State_counter[30]~92 ; |AXI4AutoIncrementCounterModuleB4_TopLevel|State_counter[30]~92      ; combout          ;
; |AXI4AutoIncrementCounterModuleB4_TopLevel|State_counter[30]~92 ; |AXI4AutoIncrementCounterModuleB4_TopLevel|State_counter[30]~93      ; cout             ;
; |AXI4AutoIncrementCounterModuleB4_TopLevel|State_counter[31]~94 ; |AXI4AutoIncrementCounterModuleB4_TopLevel|State_counter[31]~94      ; combout          ;
; |AXI4AutoIncrementCounterModuleB4_TopLevel|oCounter[1]          ; |AXI4AutoIncrementCounterModuleB4_TopLevel|oCounter[1]               ; padio            ;
; |AXI4AutoIncrementCounterModuleB4_TopLevel|oCounter[2]          ; |AXI4AutoIncrementCounterModuleB4_TopLevel|oCounter[2]               ; padio            ;
; |AXI4AutoIncrementCounterModuleB4_TopLevel|oCounter[3]          ; |AXI4AutoIncrementCounterModuleB4_TopLevel|oCounter[3]               ; padio            ;
; |AXI4AutoIncrementCounterModuleB4_TopLevel|oCounter[4]          ; |AXI4AutoIncrementCounterModuleB4_TopLevel|oCounter[4]               ; padio            ;
; |AXI4AutoIncrementCounterModuleB4_TopLevel|oCounter[5]          ; |AXI4AutoIncrementCounterModuleB4_TopLevel|oCounter[5]               ; padio            ;
; |AXI4AutoIncrementCounterModuleB4_TopLevel|oCounter[6]          ; |AXI4AutoIncrementCounterModuleB4_TopLevel|oCounter[6]               ; padio            ;
; |AXI4AutoIncrementCounterModuleB4_TopLevel|oCounter[7]          ; |AXI4AutoIncrementCounterModuleB4_TopLevel|oCounter[7]               ; padio            ;
; |AXI4AutoIncrementCounterModuleB4_TopLevel|oCounter[8]          ; |AXI4AutoIncrementCounterModuleB4_TopLevel|oCounter[8]               ; padio            ;
; |AXI4AutoIncrementCounterModuleB4_TopLevel|oCounter[9]          ; |AXI4AutoIncrementCounterModuleB4_TopLevel|oCounter[9]               ; padio            ;
; |AXI4AutoIncrementCounterModuleB4_TopLevel|oCounter[10]         ; |AXI4AutoIncrementCounterModuleB4_TopLevel|oCounter[10]              ; padio            ;
; |AXI4AutoIncrementCounterModuleB4_TopLevel|oCounter[11]         ; |AXI4AutoIncrementCounterModuleB4_TopLevel|oCounter[11]              ; padio            ;
; |AXI4AutoIncrementCounterModuleB4_TopLevel|oCounter[12]         ; |AXI4AutoIncrementCounterModuleB4_TopLevel|oCounter[12]              ; padio            ;
; |AXI4AutoIncrementCounterModuleB4_TopLevel|oCounter[13]         ; |AXI4AutoIncrementCounterModuleB4_TopLevel|oCounter[13]              ; padio            ;
; |AXI4AutoIncrementCounterModuleB4_TopLevel|oCounter[14]         ; |AXI4AutoIncrementCounterModuleB4_TopLevel|oCounter[14]              ; padio            ;
; |AXI4AutoIncrementCounterModuleB4_TopLevel|oCounter[15]         ; |AXI4AutoIncrementCounterModuleB4_TopLevel|oCounter[15]              ; padio            ;
; |AXI4AutoIncrementCounterModuleB4_TopLevel|oCounter[16]         ; |AXI4AutoIncrementCounterModuleB4_TopLevel|oCounter[16]              ; padio            ;
; |AXI4AutoIncrementCounterModuleB4_TopLevel|oCounter[17]         ; |AXI4AutoIncrementCounterModuleB4_TopLevel|oCounter[17]              ; padio            ;
; |AXI4AutoIncrementCounterModuleB4_TopLevel|oCounter[18]         ; |AXI4AutoIncrementCounterModuleB4_TopLevel|oCounter[18]              ; padio            ;
; |AXI4AutoIncrementCounterModuleB4_TopLevel|oCounter[19]         ; |AXI4AutoIncrementCounterModuleB4_TopLevel|oCounter[19]              ; padio            ;
; |AXI4AutoIncrementCounterModuleB4_TopLevel|oCounter[20]         ; |AXI4AutoIncrementCounterModuleB4_TopLevel|oCounter[20]              ; padio            ;
; |AXI4AutoIncrementCounterModuleB4_TopLevel|oCounter[21]         ; |AXI4AutoIncrementCounterModuleB4_TopLevel|oCounter[21]              ; padio            ;
; |AXI4AutoIncrementCounterModuleB4_TopLevel|oCounter[22]         ; |AXI4AutoIncrementCounterModuleB4_TopLevel|oCounter[22]              ; padio            ;
; |AXI4AutoIncrementCounterModuleB4_TopLevel|oCounter[23]         ; |AXI4AutoIncrementCounterModuleB4_TopLevel|oCounter[23]              ; padio            ;
; |AXI4AutoIncrementCounterModuleB4_TopLevel|oCounter[24]         ; |AXI4AutoIncrementCounterModuleB4_TopLevel|oCounter[24]              ; padio            ;
; |AXI4AutoIncrementCounterModuleB4_TopLevel|oCounter[25]         ; |AXI4AutoIncrementCounterModuleB4_TopLevel|oCounter[25]              ; padio            ;
; |AXI4AutoIncrementCounterModuleB4_TopLevel|oCounter[26]         ; |AXI4AutoIncrementCounterModuleB4_TopLevel|oCounter[26]              ; padio            ;
; |AXI4AutoIncrementCounterModuleB4_TopLevel|oCounter[27]         ; |AXI4AutoIncrementCounterModuleB4_TopLevel|oCounter[27]              ; padio            ;
; |AXI4AutoIncrementCounterModuleB4_TopLevel|oCounter[28]         ; |AXI4AutoIncrementCounterModuleB4_TopLevel|oCounter[28]              ; padio            ;
; |AXI4AutoIncrementCounterModuleB4_TopLevel|oCounter[29]         ; |AXI4AutoIncrementCounterModuleB4_TopLevel|oCounter[29]              ; padio            ;
; |AXI4AutoIncrementCounterModuleB4_TopLevel|oCounter[30]         ; |AXI4AutoIncrementCounterModuleB4_TopLevel|oCounter[30]              ; padio            ;
; |AXI4AutoIncrementCounterModuleB4_TopLevel|oCounter[31]         ; |AXI4AutoIncrementCounterModuleB4_TopLevel|oCounter[31]              ; padio            ;
; |AXI4AutoIncrementCounterModuleB4_TopLevel|S2M_R_R_RID[0]       ; |AXI4AutoIncrementCounterModuleB4_TopLevel|S2M_R_R_RID[0]            ; padio            ;
; |AXI4AutoIncrementCounterModuleB4_TopLevel|S2M_R_R_RID[1]       ; |AXI4AutoIncrementCounterModuleB4_TopLevel|S2M_R_R_RID[1]            ; padio            ;
; |AXI4AutoIncrementCounterModuleB4_TopLevel|S2M_R_R_RID[2]       ; |AXI4AutoIncrementCounterModuleB4_TopLevel|S2M_R_R_RID[2]            ; padio            ;
; |AXI4AutoIncrementCounterModuleB4_TopLevel|S2M_R_R_RID[3]       ; |AXI4AutoIncrementCounterModuleB4_TopLevel|S2M_R_R_RID[3]            ; padio            ;
; |AXI4AutoIncrementCounterModuleB4_TopLevel|S2M_R_R_RID[4]       ; |AXI4AutoIncrementCounterModuleB4_TopLevel|S2M_R_R_RID[4]            ; padio            ;
; |AXI4AutoIncrementCounterModuleB4_TopLevel|S2M_R_R_RID[5]       ; |AXI4AutoIncrementCounterModuleB4_TopLevel|S2M_R_R_RID[5]            ; padio            ;
; |AXI4AutoIncrementCounterModuleB4_TopLevel|S2M_R_R_RID[6]       ; |AXI4AutoIncrementCounterModuleB4_TopLevel|S2M_R_R_RID[6]            ; padio            ;
; |AXI4AutoIncrementCounterModuleB4_TopLevel|S2M_R_R_RID[7]       ; |AXI4AutoIncrementCounterModuleB4_TopLevel|S2M_R_R_RID[7]            ; padio            ;
; |AXI4AutoIncrementCounterModuleB4_TopLevel|S2M_R_R_RDATA0[1]    ; |AXI4AutoIncrementCounterModuleB4_TopLevel|S2M_R_R_RDATA0[1]         ; padio            ;
; |AXI4AutoIncrementCounterModuleB4_TopLevel|S2M_R_R_RDATA0[2]    ; |AXI4AutoIncrementCounterModuleB4_TopLevel|S2M_R_R_RDATA0[2]         ; padio            ;
; |AXI4AutoIncrementCounterModuleB4_TopLevel|S2M_R_R_RDATA0[3]    ; |AXI4AutoIncrementCounterModuleB4_TopLevel|S2M_R_R_RDATA0[3]         ; padio            ;
; |AXI4AutoIncrementCounterModuleB4_TopLevel|S2M_R_R_RDATA0[4]    ; |AXI4AutoIncrementCounterModuleB4_TopLevel|S2M_R_R_RDATA0[4]         ; padio            ;
; |AXI4AutoIncrementCounterModuleB4_TopLevel|S2M_R_R_RDATA0[5]    ; |AXI4AutoIncrementCounterModuleB4_TopLevel|S2M_R_R_RDATA0[5]         ; padio            ;
; |AXI4AutoIncrementCounterModuleB4_TopLevel|S2M_R_R_RDATA0[6]    ; |AXI4AutoIncrementCounterModuleB4_TopLevel|S2M_R_R_RDATA0[6]         ; padio            ;
; |AXI4AutoIncrementCounterModuleB4_TopLevel|S2M_R_R_RDATA0[7]    ; |AXI4AutoIncrementCounterModuleB4_TopLevel|S2M_R_R_RDATA0[7]         ; padio            ;
; |AXI4AutoIncrementCounterModuleB4_TopLevel|S2M_R_R_RDATA1[0]    ; |AXI4AutoIncrementCounterModuleB4_TopLevel|S2M_R_R_RDATA1[0]         ; padio            ;
; |AXI4AutoIncrementCounterModuleB4_TopLevel|S2M_R_R_RDATA1[1]    ; |AXI4AutoIncrementCounterModuleB4_TopLevel|S2M_R_R_RDATA1[1]         ; padio            ;
; |AXI4AutoIncrementCounterModuleB4_TopLevel|S2M_R_R_RDATA1[2]    ; |AXI4AutoIncrementCounterModuleB4_TopLevel|S2M_R_R_RDATA1[2]         ; padio            ;
; |AXI4AutoIncrementCounterModuleB4_TopLevel|S2M_R_R_RDATA1[3]    ; |AXI4AutoIncrementCounterModuleB4_TopLevel|S2M_R_R_RDATA1[3]         ; padio            ;
; |AXI4AutoIncrementCounterModuleB4_TopLevel|S2M_R_R_RDATA1[4]    ; |AXI4AutoIncrementCounterModuleB4_TopLevel|S2M_R_R_RDATA1[4]         ; padio            ;
; |AXI4AutoIncrementCounterModuleB4_TopLevel|S2M_R_R_RDATA1[5]    ; |AXI4AutoIncrementCounterModuleB4_TopLevel|S2M_R_R_RDATA1[5]         ; padio            ;
; |AXI4AutoIncrementCounterModuleB4_TopLevel|S2M_R_R_RDATA1[6]    ; |AXI4AutoIncrementCounterModuleB4_TopLevel|S2M_R_R_RDATA1[6]         ; padio            ;
; |AXI4AutoIncrementCounterModuleB4_TopLevel|S2M_R_R_RDATA1[7]    ; |AXI4AutoIncrementCounterModuleB4_TopLevel|S2M_R_R_RDATA1[7]         ; padio            ;
; |AXI4AutoIncrementCounterModuleB4_TopLevel|S2M_R_R_RDATA2[0]    ; |AXI4AutoIncrementCounterModuleB4_TopLevel|S2M_R_R_RDATA2[0]         ; padio            ;
; |AXI4AutoIncrementCounterModuleB4_TopLevel|S2M_R_R_RDATA2[1]    ; |AXI4AutoIncrementCounterModuleB4_TopLevel|S2M_R_R_RDATA2[1]         ; padio            ;
; |AXI4AutoIncrementCounterModuleB4_TopLevel|S2M_R_R_RDATA2[2]    ; |AXI4AutoIncrementCounterModuleB4_TopLevel|S2M_R_R_RDATA2[2]         ; padio            ;
; |AXI4AutoIncrementCounterModuleB4_TopLevel|S2M_R_R_RDATA2[3]    ; |AXI4AutoIncrementCounterModuleB4_TopLevel|S2M_R_R_RDATA2[3]         ; padio            ;
; |AXI4AutoIncrementCounterModuleB4_TopLevel|S2M_R_R_RDATA2[4]    ; |AXI4AutoIncrementCounterModuleB4_TopLevel|S2M_R_R_RDATA2[4]         ; padio            ;
; |AXI4AutoIncrementCounterModuleB4_TopLevel|S2M_R_R_RDATA2[5]    ; |AXI4AutoIncrementCounterModuleB4_TopLevel|S2M_R_R_RDATA2[5]         ; padio            ;
; |AXI4AutoIncrementCounterModuleB4_TopLevel|S2M_R_R_RDATA2[6]    ; |AXI4AutoIncrementCounterModuleB4_TopLevel|S2M_R_R_RDATA2[6]         ; padio            ;
; |AXI4AutoIncrementCounterModuleB4_TopLevel|S2M_R_R_RDATA2[7]    ; |AXI4AutoIncrementCounterModuleB4_TopLevel|S2M_R_R_RDATA2[7]         ; padio            ;
; |AXI4AutoIncrementCounterModuleB4_TopLevel|S2M_R_R_RDATA3[0]    ; |AXI4AutoIncrementCounterModuleB4_TopLevel|S2M_R_R_RDATA3[0]         ; padio            ;
; |AXI4AutoIncrementCounterModuleB4_TopLevel|S2M_R_R_RDATA3[1]    ; |AXI4AutoIncrementCounterModuleB4_TopLevel|S2M_R_R_RDATA3[1]         ; padio            ;
; |AXI4AutoIncrementCounterModuleB4_TopLevel|S2M_R_R_RDATA3[2]    ; |AXI4AutoIncrementCounterModuleB4_TopLevel|S2M_R_R_RDATA3[2]         ; padio            ;
; |AXI4AutoIncrementCounterModuleB4_TopLevel|S2M_R_R_RDATA3[3]    ; |AXI4AutoIncrementCounterModuleB4_TopLevel|S2M_R_R_RDATA3[3]         ; padio            ;
; |AXI4AutoIncrementCounterModuleB4_TopLevel|S2M_R_R_RDATA3[4]    ; |AXI4AutoIncrementCounterModuleB4_TopLevel|S2M_R_R_RDATA3[4]         ; padio            ;
; |AXI4AutoIncrementCounterModuleB4_TopLevel|S2M_R_R_RDATA3[5]    ; |AXI4AutoIncrementCounterModuleB4_TopLevel|S2M_R_R_RDATA3[5]         ; padio            ;
; |AXI4AutoIncrementCounterModuleB4_TopLevel|S2M_R_R_RDATA3[6]    ; |AXI4AutoIncrementCounterModuleB4_TopLevel|S2M_R_R_RDATA3[6]         ; padio            ;
; |AXI4AutoIncrementCounterModuleB4_TopLevel|S2M_R_R_RDATA3[7]    ; |AXI4AutoIncrementCounterModuleB4_TopLevel|S2M_R_R_RDATA3[7]         ; padio            ;
; |AXI4AutoIncrementCounterModuleB4_TopLevel|S2M_R_R_RRESP[0]     ; |AXI4AutoIncrementCounterModuleB4_TopLevel|S2M_R_R_RRESP[0]          ; padio            ;
; |AXI4AutoIncrementCounterModuleB4_TopLevel|S2M_R_R_RRESP[1]     ; |AXI4AutoIncrementCounterModuleB4_TopLevel|S2M_R_R_RRESP[1]          ; padio            ;
; |AXI4AutoIncrementCounterModuleB4_TopLevel|S2M_R_R_RLAST        ; |AXI4AutoIncrementCounterModuleB4_TopLevel|S2M_R_R_RLAST             ; padio            ;
; |AXI4AutoIncrementCounterModuleB4_TopLevel|S2M_R_R_RUSER[0]     ; |AXI4AutoIncrementCounterModuleB4_TopLevel|S2M_R_R_RUSER[0]          ; padio            ;
; |AXI4AutoIncrementCounterModuleB4_TopLevel|S2M_R_R_RUSER[1]     ; |AXI4AutoIncrementCounterModuleB4_TopLevel|S2M_R_R_RUSER[1]          ; padio            ;
; |AXI4AutoIncrementCounterModuleB4_TopLevel|S2M_R_R_RUSER[2]     ; |AXI4AutoIncrementCounterModuleB4_TopLevel|S2M_R_R_RUSER[2]          ; padio            ;
; |AXI4AutoIncrementCounterModuleB4_TopLevel|S2M_R_R_RUSER[3]     ; |AXI4AutoIncrementCounterModuleB4_TopLevel|S2M_R_R_RUSER[3]          ; padio            ;
; |AXI4AutoIncrementCounterModuleB4_TopLevel|S2M_R_R_RUSER[4]     ; |AXI4AutoIncrementCounterModuleB4_TopLevel|S2M_R_R_RUSER[4]          ; padio            ;
; |AXI4AutoIncrementCounterModuleB4_TopLevel|S2M_R_R_RUSER[5]     ; |AXI4AutoIncrementCounterModuleB4_TopLevel|S2M_R_R_RUSER[5]          ; padio            ;
; |AXI4AutoIncrementCounterModuleB4_TopLevel|S2M_R_R_RUSER[6]     ; |AXI4AutoIncrementCounterModuleB4_TopLevel|S2M_R_R_RUSER[6]          ; padio            ;
; |AXI4AutoIncrementCounterModuleB4_TopLevel|S2M_R_R_RUSER[7]     ; |AXI4AutoIncrementCounterModuleB4_TopLevel|S2M_R_R_RUSER[7]          ; padio            ;
; |AXI4AutoIncrementCounterModuleB4_TopLevel|S2M_W_AW_AWREADY     ; |AXI4AutoIncrementCounterModuleB4_TopLevel|S2M_W_AW_AWREADY          ; padio            ;
; |AXI4AutoIncrementCounterModuleB4_TopLevel|S2M_W_B_BID[0]       ; |AXI4AutoIncrementCounterModuleB4_TopLevel|S2M_W_B_BID[0]            ; padio            ;
; |AXI4AutoIncrementCounterModuleB4_TopLevel|S2M_W_B_BID[1]       ; |AXI4AutoIncrementCounterModuleB4_TopLevel|S2M_W_B_BID[1]            ; padio            ;
; |AXI4AutoIncrementCounterModuleB4_TopLevel|S2M_W_B_BID[2]       ; |AXI4AutoIncrementCounterModuleB4_TopLevel|S2M_W_B_BID[2]            ; padio            ;
; |AXI4AutoIncrementCounterModuleB4_TopLevel|S2M_W_B_BID[3]       ; |AXI4AutoIncrementCounterModuleB4_TopLevel|S2M_W_B_BID[3]            ; padio            ;
; |AXI4AutoIncrementCounterModuleB4_TopLevel|S2M_W_B_BID[4]       ; |AXI4AutoIncrementCounterModuleB4_TopLevel|S2M_W_B_BID[4]            ; padio            ;
; |AXI4AutoIncrementCounterModuleB4_TopLevel|S2M_W_B_BID[5]       ; |AXI4AutoIncrementCounterModuleB4_TopLevel|S2M_W_B_BID[5]            ; padio            ;
; |AXI4AutoIncrementCounterModuleB4_TopLevel|S2M_W_B_BID[6]       ; |AXI4AutoIncrementCounterModuleB4_TopLevel|S2M_W_B_BID[6]            ; padio            ;
; |AXI4AutoIncrementCounterModuleB4_TopLevel|S2M_W_B_BID[7]       ; |AXI4AutoIncrementCounterModuleB4_TopLevel|S2M_W_B_BID[7]            ; padio            ;
; |AXI4AutoIncrementCounterModuleB4_TopLevel|S2M_W_B_BRESP[0]     ; |AXI4AutoIncrementCounterModuleB4_TopLevel|S2M_W_B_BRESP[0]          ; padio            ;
; |AXI4AutoIncrementCounterModuleB4_TopLevel|S2M_W_B_BRESP[1]     ; |AXI4AutoIncrementCounterModuleB4_TopLevel|S2M_W_B_BRESP[1]          ; padio            ;
; |AXI4AutoIncrementCounterModuleB4_TopLevel|S2M_W_B_BUSER[0]     ; |AXI4AutoIncrementCounterModuleB4_TopLevel|S2M_W_B_BUSER[0]          ; padio            ;
; |AXI4AutoIncrementCounterModuleB4_TopLevel|S2M_W_B_BUSER[1]     ; |AXI4AutoIncrementCounterModuleB4_TopLevel|S2M_W_B_BUSER[1]          ; padio            ;
; |AXI4AutoIncrementCounterModuleB4_TopLevel|S2M_W_B_BUSER[2]     ; |AXI4AutoIncrementCounterModuleB4_TopLevel|S2M_W_B_BUSER[2]          ; padio            ;
; |AXI4AutoIncrementCounterModuleB4_TopLevel|S2M_W_B_BUSER[3]     ; |AXI4AutoIncrementCounterModuleB4_TopLevel|S2M_W_B_BUSER[3]          ; padio            ;
; |AXI4AutoIncrementCounterModuleB4_TopLevel|S2M_W_B_BUSER[4]     ; |AXI4AutoIncrementCounterModuleB4_TopLevel|S2M_W_B_BUSER[4]          ; padio            ;
; |AXI4AutoIncrementCounterModuleB4_TopLevel|S2M_W_B_BUSER[5]     ; |AXI4AutoIncrementCounterModuleB4_TopLevel|S2M_W_B_BUSER[5]          ; padio            ;
; |AXI4AutoIncrementCounterModuleB4_TopLevel|S2M_W_B_BUSER[6]     ; |AXI4AutoIncrementCounterModuleB4_TopLevel|S2M_W_B_BUSER[6]          ; padio            ;
; |AXI4AutoIncrementCounterModuleB4_TopLevel|S2M_W_B_BUSER[7]     ; |AXI4AutoIncrementCounterModuleB4_TopLevel|S2M_W_B_BUSER[7]          ; padio            ;
; |AXI4AutoIncrementCounterModuleB4_TopLevel|S2M_W_B_BVALID       ; |AXI4AutoIncrementCounterModuleB4_TopLevel|S2M_W_B_BVALID            ; padio            ;
; |AXI4AutoIncrementCounterModuleB4_TopLevel|S2M_W_W_WREADY       ; |AXI4AutoIncrementCounterModuleB4_TopLevel|S2M_W_W_WREADY            ; padio            ;
; |AXI4AutoIncrementCounterModuleB4_TopLevel|M2S_R_AR_ARID[0]     ; |AXI4AutoIncrementCounterModuleB4_TopLevel|M2S_R_AR_ARID[0]~corein   ; combout          ;
; |AXI4AutoIncrementCounterModuleB4_TopLevel|M2S_R_AR_ARID[1]     ; |AXI4AutoIncrementCounterModuleB4_TopLevel|M2S_R_AR_ARID[1]~corein   ; combout          ;
; |AXI4AutoIncrementCounterModuleB4_TopLevel|M2S_R_AR_ARID[2]     ; |AXI4AutoIncrementCounterModuleB4_TopLevel|M2S_R_AR_ARID[2]~corein   ; combout          ;
; |AXI4AutoIncrementCounterModuleB4_TopLevel|M2S_R_AR_ARID[3]     ; |AXI4AutoIncrementCounterModuleB4_TopLevel|M2S_R_AR_ARID[3]~corein   ; combout          ;
; |AXI4AutoIncrementCounterModuleB4_TopLevel|M2S_R_AR_ARID[4]     ; |AXI4AutoIncrementCounterModuleB4_TopLevel|M2S_R_AR_ARID[4]~corein   ; combout          ;
; |AXI4AutoIncrementCounterModuleB4_TopLevel|M2S_R_AR_ARID[5]     ; |AXI4AutoIncrementCounterModuleB4_TopLevel|M2S_R_AR_ARID[5]~corein   ; combout          ;
; |AXI4AutoIncrementCounterModuleB4_TopLevel|M2S_R_AR_ARID[6]     ; |AXI4AutoIncrementCounterModuleB4_TopLevel|M2S_R_AR_ARID[6]~corein   ; combout          ;
; |AXI4AutoIncrementCounterModuleB4_TopLevel|M2S_R_AR_ARID[7]     ; |AXI4AutoIncrementCounterModuleB4_TopLevel|M2S_R_AR_ARID[7]~corein   ; combout          ;
; |AXI4AutoIncrementCounterModuleB4_TopLevel|M2S_R_AR_ARUSER[0]   ; |AXI4AutoIncrementCounterModuleB4_TopLevel|M2S_R_AR_ARUSER[0]~corein ; combout          ;
; |AXI4AutoIncrementCounterModuleB4_TopLevel|M2S_R_AR_ARUSER[1]   ; |AXI4AutoIncrementCounterModuleB4_TopLevel|M2S_R_AR_ARUSER[1]~corein ; combout          ;
; |AXI4AutoIncrementCounterModuleB4_TopLevel|M2S_R_AR_ARUSER[2]   ; |AXI4AutoIncrementCounterModuleB4_TopLevel|M2S_R_AR_ARUSER[2]~corein ; combout          ;
; |AXI4AutoIncrementCounterModuleB4_TopLevel|M2S_R_AR_ARUSER[3]   ; |AXI4AutoIncrementCounterModuleB4_TopLevel|M2S_R_AR_ARUSER[3]~corein ; combout          ;
; |AXI4AutoIncrementCounterModuleB4_TopLevel|M2S_R_AR_ARUSER[4]   ; |AXI4AutoIncrementCounterModuleB4_TopLevel|M2S_R_AR_ARUSER[4]~corein ; combout          ;
; |AXI4AutoIncrementCounterModuleB4_TopLevel|M2S_R_AR_ARUSER[5]   ; |AXI4AutoIncrementCounterModuleB4_TopLevel|M2S_R_AR_ARUSER[5]~corein ; combout          ;
; |AXI4AutoIncrementCounterModuleB4_TopLevel|M2S_R_AR_ARUSER[6]   ; |AXI4AutoIncrementCounterModuleB4_TopLevel|M2S_R_AR_ARUSER[6]~corein ; combout          ;
; |AXI4AutoIncrementCounterModuleB4_TopLevel|M2S_R_AR_ARUSER[7]   ; |AXI4AutoIncrementCounterModuleB4_TopLevel|M2S_R_AR_ARUSER[7]~corein ; combout          ;
; |AXI4AutoIncrementCounterModuleB4_TopLevel|M2S_W_W_WID[0]       ; |AXI4AutoIncrementCounterModuleB4_TopLevel|M2S_W_W_WID[0]~corein     ; combout          ;
; |AXI4AutoIncrementCounterModuleB4_TopLevel|M2S_W_W_WID[1]       ; |AXI4AutoIncrementCounterModuleB4_TopLevel|M2S_W_W_WID[1]~corein     ; combout          ;
; |AXI4AutoIncrementCounterModuleB4_TopLevel|M2S_W_W_WID[2]       ; |AXI4AutoIncrementCounterModuleB4_TopLevel|M2S_W_W_WID[2]~corein     ; combout          ;
; |AXI4AutoIncrementCounterModuleB4_TopLevel|M2S_W_W_WID[3]       ; |AXI4AutoIncrementCounterModuleB4_TopLevel|M2S_W_W_WID[3]~corein     ; combout          ;
; |AXI4AutoIncrementCounterModuleB4_TopLevel|M2S_W_W_WID[4]       ; |AXI4AutoIncrementCounterModuleB4_TopLevel|M2S_W_W_WID[4]~corein     ; combout          ;
; |AXI4AutoIncrementCounterModuleB4_TopLevel|M2S_W_W_WID[5]       ; |AXI4AutoIncrementCounterModuleB4_TopLevel|M2S_W_W_WID[5]~corein     ; combout          ;
; |AXI4AutoIncrementCounterModuleB4_TopLevel|M2S_W_W_WID[6]       ; |AXI4AutoIncrementCounterModuleB4_TopLevel|M2S_W_W_WID[6]~corein     ; combout          ;
; |AXI4AutoIncrementCounterModuleB4_TopLevel|M2S_W_W_WID[7]       ; |AXI4AutoIncrementCounterModuleB4_TopLevel|M2S_W_W_WID[7]~corein     ; combout          ;
; |AXI4AutoIncrementCounterModuleB4_TopLevel|M2S_W_W_WUSER[0]     ; |AXI4AutoIncrementCounterModuleB4_TopLevel|M2S_W_W_WUSER[0]~corein   ; combout          ;
; |AXI4AutoIncrementCounterModuleB4_TopLevel|M2S_W_W_WUSER[1]     ; |AXI4AutoIncrementCounterModuleB4_TopLevel|M2S_W_W_WUSER[1]~corein   ; combout          ;
; |AXI4AutoIncrementCounterModuleB4_TopLevel|M2S_W_W_WUSER[2]     ; |AXI4AutoIncrementCounterModuleB4_TopLevel|M2S_W_W_WUSER[2]~corein   ; combout          ;
; |AXI4AutoIncrementCounterModuleB4_TopLevel|M2S_W_W_WUSER[3]     ; |AXI4AutoIncrementCounterModuleB4_TopLevel|M2S_W_W_WUSER[3]~corein   ; combout          ;
; |AXI4AutoIncrementCounterModuleB4_TopLevel|M2S_W_W_WUSER[4]     ; |AXI4AutoIncrementCounterModuleB4_TopLevel|M2S_W_W_WUSER[4]~corein   ; combout          ;
; |AXI4AutoIncrementCounterModuleB4_TopLevel|M2S_W_W_WUSER[5]     ; |AXI4AutoIncrementCounterModuleB4_TopLevel|M2S_W_W_WUSER[5]~corein   ; combout          ;
; |AXI4AutoIncrementCounterModuleB4_TopLevel|M2S_W_W_WUSER[6]     ; |AXI4AutoIncrementCounterModuleB4_TopLevel|M2S_W_W_WUSER[6]~corein   ; combout          ;
; |AXI4AutoIncrementCounterModuleB4_TopLevel|M2S_W_W_WUSER[7]     ; |AXI4AutoIncrementCounterModuleB4_TopLevel|M2S_W_W_WUSER[7]~corein   ; combout          ;
; |AXI4AutoIncrementCounterModuleB4_TopLevel|M2S_R_R_RREADY       ; |AXI4AutoIncrementCounterModuleB4_TopLevel|M2S_R_R_RREADY~corein     ; combout          ;
+-----------------------------------------------------------------+----------------------------------------------------------------------+------------------+


+---------------------+
; Simulator INI Usage ;
+--------+------------+
; Option ; Usage      ;
+--------+------------+


+--------------------+
; Simulator Messages ;
+--------------------+
Info: *******************************************************************
Info: Running Quartus II Simulator
    Info: Version 9.1 Build 350 03/24/2010 Service Pack 2 SJ Web Edition
    Info: Processing started: Tue Apr 30 22:00:42 2024
Info: Command: quartus_sim --read_settings_files=on --write_settings_files=off VHDL -c VHDL
Info: Using vector source file "Waveforms/AXI4AutoIncrementCounterModuleB4.vwf"
Info: Overwriting simulation input file with simulation results
    Info: A backup of AXI4AutoIncrementCounterModuleB4.vwf called VHDL.sim_ori.vwf has been created in the db folder
Info: Option to preserve fewer signal transitions to reduce memory requirements is enabled
    Info: Simulation has been partitioned into sub-simulations according to the maximum transition count determined by the engine. Transitions from memory will be flushed out to disk at the end of each sub-simulation to reduce memory requirements.
Info: Simulation partitioned into 1 sub-simulations
Info: Simulation coverage is       8.84 %
Info: Number of transitions in simulation is 293
Info: Vector file AXI4AutoIncrementCounterModuleB4.vwf is saved in VWF text format. You can compress it into CVWF format in order to reduce file size. For more details please refer to the Quartus II Help.
Info: Quartus II Simulator was successful. 0 errors, 0 warnings
    Info: Peak virtual memory: 164 megabytes
    Info: Processing ended: Tue Apr 30 22:00:44 2024
    Info: Elapsed time: 00:00:02
    Info: Total CPU time (on all processors): 00:00:01


